[ 2017-10-19T10:12:03+08:00 ] 127.0.0.1 /dianyingfbb/index.php
INFO: [ app_init ] --START--
INFO: Run Behavior\BuildLiteBehavior [ RunTime:0.000009s ]
INFO: [ app_init ] --END-- [ RunTime:0.000417s ]
INFO: [ app_begin ] --START--
INFO: Run Behavior\ReadHtmlCacheBehavior [ RunTime:0.000782s ]
INFO: [ app_begin ] --END-- [ RunTime:0.000820s ]
SQL: SHOW COLUMNS FROM `zdsz` [ RunTime:0.0008s ]
SQL: SELECT * FROM `zdsz`  [ RunTime:0.0002s ]
SQL: SHOW COLUMNS FROM `leibie` [ RunTime:0.0007s ]
SQL: SELECT * FROM `leibie` ORDER BY paixu LIMIT 18   [ RunTime:0.0002s ]
SQL: SHOW COLUMNS FROM `yqlj` [ RunTime:0.0005s ]
SQL: SELECT * FROM `yqlj` WHERE ( fuli=0 )  [ RunTime:0.0002s ]
SQL: SHOW COLUMNS FROM `xinwen` [ RunTime:0.0007s ]
SQL: SHOW COLUMNS FROM `xinwen` [ RunTime:0.0004s ]
SQL: SELECT `id`,`biaoti`,`cjsj` FROM `xinwen` WHERE ( sscs>0 ) ORDER BY id desc LIMIT 11   [ RunTime:0.0006s ]
SQL: SELECT `id`,`biaoti`,`cjsj` FROM `xinwen` ORDER BY llcs desc LIMIT 11   [ RunTime:0.0014s ]
SQL: SELECT `id`,`biaoti`,`cjsj` FROM `xinwen` ORDER BY cjsj desc LIMIT 11   [ RunTime:0.0017s ]
SQL: SELECT `id`,`biaoti`,`wzfm`,`sysj`,`zhuyan`,`diqu`,`cjsj`,`llcs`,`sscs`,`pid`,`djid`,`glid` FROM `xinwen` WHERE ( djid!=17 ) ORDER BY cjsj desc LIMIT 12   [ RunTime:0.0026s ]
SQL: SHOW COLUMNS FROM `leibie` [ RunTime:0.0007s ]
SQL: SELECT `id`,`lbmc` FROM `leibie` WHERE ( 1=1 AND id='10' ) LIMIT 1   [ RunTime:0.0003s ]
SQL: SELECT `id`,`lbmc` FROM `leibie` WHERE ( 1=1 AND id='13' ) LIMIT 1   [ RunTime:0.0003s ]
SQL: SHOW COLUMNS FROM `xwzb` [ RunTime:0.0008s ]
SQL: SELECT * FROM `xwzb` WHERE ( 1=1 AND wzid='2404' )  [ RunTime:0.0009s ]
SQL: SELECT `id`,`lbmc` FROM `leibie` WHERE ( 1=1 AND id='12' ) LIMIT 1   [ RunTime:0.0002s ]
SQL: SELECT `id`,`lbmc` FROM `leibie` WHERE ( 1=1 AND id='16' ) LIMIT 1   [ RunTime:0.0002s ]
SQL: SELECT * FROM `xwzb` WHERE ( 1=1 AND wzid='2403' )  [ RunTime:0.0006s ]
SQL: SELECT `id`,`lbmc` FROM `leibie` WHERE ( 1=1 AND id='12' ) LIMIT 1   [ RunTime:0.0002s ]
SQL: SELECT `id`,`lbmc` FROM `leibie` WHERE ( 1=1 AND id='16' ) LIMIT 1   [ RunTime:0.0002s ]
SQL: SELECT * FROM `xwzb` WHERE ( 1=1 AND wzid='2402' )  [ RunTime:0.0006s ]
SQL: SELECT `id`,`lbmc` FROM `leibie` WHERE ( 1=1 AND id='6' ) LIMIT 1   [ RunTime:0.0002s ]
SQL: SELECT `id`,`lbmc` FROM `leibie` WHERE ( 1=1 AND id='13' ) LIMIT 1   [ RunTime:0.0002s ]
SQL: SELECT * FROM `xwzb` WHERE ( 1=1 AND wzid='2401' )  [ RunTime:0.0006s ]
SQL: SELECT `id`,`lbmc` FROM `leibie` WHERE ( 1=1 AND id='7' ) LIMIT 1   [ RunTime:0.0002s ]
SQL: SELECT `id`,`lbmc` FROM `leibie` WHERE ( 1=1 AND id='13' ) LIMIT 1   [ RunTime:0.0002s ]
SQL: SELECT * FROM `xwzb` WHERE ( 1=1 AND wzid='2400' )  [ RunTime:0.0007s ]
SQL: SELECT `id`,`lbmc` FROM `leibie` WHERE ( 1=1 AND id='12' ) LIMIT 1   [ RunTime:0.0002s ]
SQL: SELECT `id`,`lbmc` FROM `leibie` WHERE ( 1=1 AND id='16' ) LIMIT 1   [ RunTime:0.0002s ]
SQL: SELECT * FROM `xwzb` WHERE ( 1=1 AND wzid='2397' )  [ RunTime:0.0006s ]
SQL: SELECT `id`,`lbmc` FROM `leibie` WHERE ( 1=1 AND id='12' ) LIMIT 1   [ RunTime:0.0003s ]
SQL: SELECT `id`,`lbmc` FROM `leibie` WHERE ( 1=1 AND id='16' ) LIMIT 1   [ RunTime:0.0002s ]
SQL: SELECT * FROM `xwzb` WHERE ( 1=1 AND wzid='2396' )  [ RunTime:0.0006s ]
SQL: SELECT `id`,`lbmc` FROM `leibie` WHERE ( 1=1 AND id='1' ) LIMIT 1   [ RunTime:0.0002s ]
SQL: SELECT `id`,`lbmc` FROM `leibie` WHERE ( 1=1 AND id='16' ) LIMIT 1   [ RunTime:0.0002s ]
SQL: SELECT * FROM `xwzb` WHERE ( 1=1 AND wzid='2394' )  [ RunTime:0.0015s ]
SQL: SELECT `id`,`lbmc` FROM `leibie` WHERE ( 1=1 AND id='1' ) LIMIT 1   [ RunTime:0.0005s ]
SQL: SELECT `id`,`lbmc` FROM `leibie` WHERE ( 1=1 AND id='15' ) LIMIT 1   [ RunTime:0.0003s ]
SQL: SELECT * FROM `xwzb` WHERE ( 1=1 AND wzid='2395' )  [ RunTime:0.0010s ]
SQL: SELECT `id`,`lbmc` FROM `leibie` WHERE ( 1=1 AND id='12' ) LIMIT 1   [ RunTime:0.0002s ]
SQL: SELECT `id`,`lbmc` FROM `leibie` WHERE ( 1=1 AND id='16' ) LIMIT 1   [ RunTime:0.0001s ]
SQL: SELECT * FROM `xwzb` WHERE ( 1=1 AND wzid='2393' )  [ RunTime:0.0008s ]
SQL: SELECT `id`,`lbmc` FROM `leibie` WHERE ( 1=1 AND id='12' ) LIMIT 1   [ RunTime:0.0003s ]
SQL: SELECT `id`,`lbmc` FROM `leibie` WHERE ( 1=1 AND id='16' ) LIMIT 1   [ RunTime:0.0003s ]
SQL: SELECT * FROM `xwzb` WHERE ( 1=1 AND wzid='2390' )  [ RunTime:0.0006s ]
SQL: SELECT `id`,`lbmc` FROM `leibie` WHERE ( 1=1 AND id='12' ) LIMIT 1   [ RunTime:0.0002s ]
SQL: SELECT `id`,`lbmc` FROM `leibie` WHERE ( 1=1 AND id='15' ) LIMIT 1   [ RunTime:0.0002s ]
SQL: SELECT * FROM `xwzb` WHERE ( 1=1 AND wzid='2391' )  [ RunTime:0.0006s ]
SQL: SELECT `id`,`biaoti`,`wzfm`,`sysj`,`zhuyan`,`diqu`,`cjsj`,`llcs`,`sscs`,`pid`,`djid`,`glid` FROM `xinwen` WHERE ( pid=12 and djid!=17 ) ORDER BY id desc LIMIT 12   [ RunTime:0.0003s ]
SQL: SELECT `id`,`lbmc` FROM `leibie` WHERE ( 1=1 AND id='12' ) LIMIT 1   [ RunTime:0.0002s ]
SQL: SELECT `id`,`lbmc` FROM `leibie` WHERE ( 1=1 AND id='16' ) LIMIT 1   [ RunTime:0.0002s ]
SQL: SELECT * FROM `xwzb` WHERE ( 1=1 AND wzid='2403' )  [ RunTime:0.0006s ]
SQL: SELECT `id`,`lbmc` FROM `leibie` WHERE ( 1=1 AND id='12' ) LIMIT 1   [ RunTime:0.0002s ]
SQL: SELECT `id`,`lbmc` FROM `leibie` WHERE ( 1=1 AND id='16' ) LIMIT 1   [ RunTime:0.0002s ]
SQL: SELECT * FROM `xwzb` WHERE ( 1=1 AND wzid='2402' )  [ RunTime:0.0006s ]
SQL: SELECT `id`,`lbmc` FROM `leibie` WHERE ( 1=1 AND id='12' ) LIMIT 1   [ RunTime:0.0002s ]
SQL: SELECT `id`,`lbmc` FROM `leibie` WHERE ( 1=1 AND id='16' ) LIMIT 1   [ RunTime:0.0002s ]
SQL: SELECT * FROM `xwzb` WHERE ( 1=1 AND wzid='2397' )  [ RunTime:0.0006s ]
SQL: SELECT `id`,`lbmc` FROM `leibie` WHERE ( 1=1 AND id='12' ) LIMIT 1   [ RunTime:0.0002s ]
SQL: SELECT `id`,`lbmc` FROM `leibie` WHERE ( 1=1 AND id='16' ) LIMIT 1   [ RunTime:0.0002s ]
SQL: SELECT * FROM `xwzb` WHERE ( 1=1 AND wzid='2396' )  [ RunTime:0.0006s ]
SQL: SELECT `id`,`lbmc` FROM `leibie` WHERE ( 1=1 AND id='12' ) LIMIT 1   [ RunTime:0.0002s ]
SQL: SELECT `id`,`lbmc` FROM `leibie` WHERE ( 1=1 AND id='16' ) LIMIT 1   [ RunTime:0.0002s ]
SQL: SELECT * FROM `xwzb` WHERE ( 1=1 AND wzid='2393' )  [ RunTime:0.0006s ]
SQL: SELECT `id`,`lbmc` FROM `leibie` WHERE ( 1=1 AND id='12' ) LIMIT 1   [ RunTime:0.0002s ]
SQL: SELECT `id`,`lbmc` FROM `leibie` WHERE ( 1=1 AND id='15' ) LIMIT 1   [ RunTime:0.0002s ]
SQL: SELECT * FROM `xwzb` WHERE ( 1=1 AND wzid='2392' )  [ RunTime:0.0006s ]
SQL: SELECT `id`,`lbmc` FROM `leibie` WHERE ( 1=1 AND id='12' ) LIMIT 1   [ RunTime:0.0002s ]
SQL: SELECT `id`,`lbmc` FROM `leibie` WHERE ( 1=1 AND id='15' ) LIMIT 1   [ RunTime:0.0002s ]
SQL: SELECT * FROM `xwzb` WHERE ( 1=1 AND wzid='2391' )  [ RunTime:0.0011s ]
SQL: SELECT `id`,`lbmc` FROM `leibie` WHERE ( 1=1 AND id='12' ) LIMIT 1   [ RunTime:0.0003s ]
SQL: SELECT `id`,`lbmc` FROM `leibie` WHERE ( 1=1 AND id='16' ) LIMIT 1   [ RunTime:0.0002s ]
SQL: SELECT * FROM `xwzb` WHERE ( 1=1 AND wzid='2390' )  [ RunTime:0.0007s ]
SQL: SELECT `id`,`lbmc` FROM `leibie` WHERE ( 1=1 AND id='12' ) LIMIT 1   [ RunTime:0.0002s ]
SQL: SELECT `id`,`lbmc` FROM `leibie` WHERE ( 1=1 AND id='15' ) LIMIT 1   [ RunTime:0.0001s ]
SQL: SELECT * FROM `xwzb` WHERE ( 1=1 AND wzid='2358' )  [ RunTime:0.0008s ]
SQL: SELECT `id`,`lbmc` FROM `leibie` WHERE ( 1=1 AND id='12' ) LIMIT 1   [ RunTime:0.0002s ]
SQL: SELECT `id`,`lbmc` FROM `leibie` WHERE ( 1=1 AND id='16' ) LIMIT 1   [ RunTime:0.0001s ]
SQL: SELECT * FROM `xwzb` WHERE ( 1=1 AND wzid='2357' )  [ RunTime:0.0006s ]
SQL: SELECT `id`,`lbmc` FROM `leibie` WHERE ( 1=1 AND id='12' ) LIMIT 1   [ RunTime:0.0001s ]
SQL: SELECT `id`,`lbmc` FROM `leibie` WHERE ( 1=1 AND id='15' ) LIMIT 1   [ RunTime:0.0001s ]
SQL: SELECT * FROM `xwzb` WHERE ( 1=1 AND wzid='2352' )  [ RunTime:0.0006s ]
SQL: SELECT `id`,`lbmc` FROM `leibie` WHERE ( 1=1 AND id='12' ) LIMIT 1   [ RunTime:0.0001s ]
SQL: SELECT `id`,`lbmc` FROM `leibie` WHERE ( 1=1 AND id='15' ) LIMIT 1   [ RunTime:0.0001s ]
SQL: SELECT * FROM `xwzb` WHERE ( 1=1 AND wzid='2351' )  [ RunTime:0.0006s ]
SQL: SELECT `id`,`biaoti`,`wzfm`,`sysj`,`zhuyan`,`diqu`,`cjsj`,`llcs`,`sscs`,`pid`,`djid`,`glid` FROM `xinwen` WHERE `cjsj` >= 1507774323 AND `djid` <> '17' ORDER BY llcs desc LIMIT 12   [ RunTime:0.0012s ]
SQL: SELECT `id`,`biaoti`,`wzfm`,`sysj`,`zhuyan`,`diqu`,`cjsj`,`llcs`,`sscs`,`pid`,`djid`,`glid` FROM `xinwen` WHERE `cjsj` >= 1505787123 AND `djid` <> '17' ORDER BY llcs desc LIMIT 12   [ RunTime:0.0012s ]
SQL: SELECT `id`,`lbmc` FROM `leibie` WHERE ( 1=1 AND id='10' ) LIMIT 1   [ RunTime:0.0002s ]
SQL: SELECT `id`,`lbmc` FROM `leibie` WHERE ( 1=1 AND id='13' ) LIMIT 1   [ RunTime:0.0001s ]
SQL: SELECT * FROM `xwzb` WHERE ( 1=1 AND wzid='2404' )  [ RunTime:0.0006s ]
SQL: SELECT `id`,`lbmc` FROM `leibie` WHERE ( 1=1 AND id='12' ) LIMIT 1   [ RunTime:0.0001s ]
SQL: SELECT `id`,`lbmc` FROM `leibie` WHERE ( 1=1 AND id='16' ) LIMIT 1   [ RunTime:0.0001s ]
SQL: SELECT * FROM `xwzb` WHERE ( 1=1 AND wzid='2402' )  [ RunTime:0.0006s ]
SQL: SELECT `id`,`lbmc` FROM `leibie` WHERE ( 1=1 AND id='7' ) LIMIT 1   [ RunTime:0.0001s ]
SQL: SELECT `id`,`lbmc` FROM `leibie` WHERE ( 1=1 AND id='13' ) LIMIT 1   [ RunTime:0.0001s ]
SQL: SELECT * FROM `xwzb` WHERE ( 1=1 AND wzid='2400' )  [ RunTime:0.0005s ]
SQL: SELECT `id`,`lbmc` FROM `leibie` WHERE ( 1=1 AND id='6' ) LIMIT 1   [ RunTime:0.0001s ]
SQL: SELECT `id`,`lbmc` FROM `leibie` WHERE ( 1=1 AND id='13' ) LIMIT 1   [ RunTime:0.0001s ]
SQL: SELECT * FROM `xwzb` WHERE ( 1=1 AND wzid='2401' )  [ RunTime:0.0006s ]
SQL: SELECT `id`,`lbmc` FROM `leibie` WHERE ( 1=1 AND id='12' ) LIMIT 1   [ RunTime:0.0001s ]
SQL: SELECT `id`,`lbmc` FROM `leibie` WHERE ( 1=1 AND id='16' ) LIMIT 1   [ RunTime:0.0001s ]
SQL: SELECT * FROM `xwzb` WHERE ( 1=1 AND wzid='2403' )  [ RunTime:0.0006s ]
SQL: SELECT `id`,`biaoti`,`wzfm`,`sysj`,`zhuyan`,`diqu`,`cjsj`,`llcs`,`sscs`,`pid`,`djid`,`glid` FROM `xinwen` WHERE ( djid=1 ) ORDER BY llcs desc LIMIT 8   [ RunTime:0.0018s ]
SQL: SELECT `id`,`lbmc` FROM `leibie` WHERE ( 1=1 AND id='12' ) LIMIT 1   [ RunTime:0.0005s ]
SQL: SELECT `id`,`lbmc` FROM `leibie` WHERE ( 1=1 AND id='16' ) LIMIT 1   [ RunTime:0.0002s ]
SQL: SELECT * FROM `xwzb` WHERE ( 1=1 AND wzid='1946' )  [ RunTime:0.0008s ]
SQL: SELECT `id`,`lbmc` FROM `leibie` WHERE ( 1=1 AND id='7' ) LIMIT 1   [ RunTime:0.0002s ]
SQL: SELECT `id`,`lbmc` FROM `leibie` WHERE ( 1=1 AND id='13' ) LIMIT 1   [ RunTime:0.0002s ]
SQL: SELECT * FROM `xwzb` WHERE ( 1=1 AND wzid='2' )  [ RunTime:0.0008s ]
SQL: SELECT `id`,`lbmc` FROM `leibie` WHERE ( 1=1 AND id='12' ) LIMIT 1   [ RunTime:0.0003s ]
SQL: SELECT `id`,`lbmc` FROM `leibie` WHERE ( 1=1 AND id='16' ) LIMIT 1   [ RunTime:0.0002s ]
SQL: SELECT * FROM `xwzb` WHERE ( 1=1 AND wzid='697' )  [ RunTime:0.0006s ]
SQL: SELECT `id`,`lbmc` FROM `leibie` WHERE ( 1=1 AND id='12' ) LIMIT 1   [ RunTime:0.0002s ]
SQL: SELECT `id`,`lbmc` FROM `leibie` WHERE ( 1=1 AND id='16' ) LIMIT 1   [ RunTime:0.0001s ]
SQL: SELECT * FROM `xwzb` WHERE ( 1=1 AND wzid='2263' )  [ RunTime:0.0006s ]
SQL: SELECT `id`,`lbmc` FROM `leibie` WHERE ( 1=1 AND id='5' ) LIMIT 1   [ RunTime:0.0003s ]
SQL: SELECT `id`,`lbmc` FROM `leibie` WHERE ( 1=1 AND id='13' ) LIMIT 1   [ RunTime:0.0002s ]
SQL: SELECT * FROM `xwzb` WHERE ( 1=1 AND wzid='1' )  [ RunTime:0.0006s ]
SQL: SELECT `id`,`lbmc` FROM `leibie` WHERE ( 1=1 AND id='7' ) LIMIT 1   [ RunTime:0.0001s ]
SQL: SELECT `id`,`lbmc` FROM `leibie` WHERE ( 1=1 AND id='16' ) LIMIT 1   [ RunTime:0.0001s ]
SQL: SELECT * FROM `xwzb` WHERE ( 1=1 AND wzid='69' )  [ RunTime:0.0006s ]
SQL: SELECT `id`,`lbmc` FROM `leibie` WHERE ( 1=1 AND id='10' ) LIMIT 1   [ RunTime:0.0001s ]
SQL: SELECT `id`,`lbmc` FROM `leibie` WHERE ( 1=1 AND id='16' ) LIMIT 1   [ RunTime:0.0001s ]
SQL: SELECT * FROM `xwzb` WHERE ( 1=1 AND wzid='43' )  [ RunTime:0.0006s ]
SQL: SELECT `id`,`lbmc` FROM `leibie` WHERE ( 1=1 AND id='10' ) LIMIT 1   [ RunTime:0.0001s ]
SQL: SELECT `id`,`lbmc` FROM `leibie` WHERE ( 1=1 AND id='16' ) LIMIT 1   [ RunTime:0.0001s ]
SQL: SELECT * FROM `xwzb` WHERE ( 1=1 AND wzid='669' )  [ RunTime:0.0006s ]
SQL: SELECT `id`,`biaoti`,`wzfm`,`sysj`,`zhuyan`,`diqu`,`cjsj`,`llcs`,`sscs`,`pid`,`djid`,`glid` FROM `xinwen` WHERE ( djid=2 ) ORDER BY llcs desc LIMIT 8   [ RunTime:0.0013s ]
SQL: SELECT `id`,`lbmc` FROM `leibie` WHERE ( 1=1 AND id='7' ) LIMIT 1   [ RunTime:0.0002s ]
SQL: SELECT `id`,`lbmc` FROM `leibie` WHERE ( 1=1 AND id='13' ) LIMIT 1   [ RunTime:0.0001s ]
SQL: SELECT * FROM `xwzb` WHERE ( 1=1 AND wzid='18' )  [ RunTime:0.0006s ]
SQL: SELECT `id`,`lbmc` FROM `leibie` WHERE ( 1=1 AND id='7' ) LIMIT 1   [ RunTime:0.0001s ]
SQL: SELECT `id`,`lbmc` FROM `leibie` WHERE ( 1=1 AND id='13' ) LIMIT 1   [ RunTime:0.0001s ]
SQL: SELECT * FROM `xwzb` WHERE ( 1=1 AND wzid='1642' )  [ RunTime:0.0006s ]
SQL: SELECT `id`,`lbmc` FROM `leibie` WHERE ( 1=1 AND id='10' ) LIMIT 1   [ RunTime:0.0001s ]
SQL: SELECT `id`,`lbmc` FROM `leibie` WHERE ( 1=1 AND id='13' ) LIMIT 1   [ RunTime:0.0001s ]
SQL: SELECT * FROM `xwzb` WHERE ( 1=1 AND wzid='24' )  [ RunTime:0.0007s ]
SQL: SELECT `id`,`lbmc` FROM `leibie` WHERE ( 1=1 AND id='10' ) LIMIT 1   [ RunTime:0.0003s ]
SQL: SELECT `id`,`lbmc` FROM `leibie` WHERE ( 1=1 AND id='15' ) LIMIT 1   [ RunTime:0.0003s ]
SQL: SELECT * FROM `xwzb` WHERE ( 1=1 AND wzid='70' )  [ RunTime:0.0008s ]
SQL: SELECT `id`,`lbmc` FROM `leibie` WHERE ( 1=1 AND id='6' ) LIMIT 1   [ RunTime:0.0002s ]
SQL: SELECT `id`,`lbmc` FROM `leibie` WHERE ( 1=1 AND id='13' ) LIMIT 1   [ RunTime:0.0002s ]
SQL: SELECT * FROM `xwzb` WHERE ( 1=1 AND wzid='2077' )  [ RunTime:0.0007s ]
SQL: SELECT `id`,`lbmc` FROM `leibie` WHERE ( 1=1 AND id='10' ) LIMIT 1   [ RunTime:0.0003s ]
SQL: SELECT `id`,`lbmc` FROM `leibie` WHERE ( 1=1 AND id='13' ) LIMIT 1   [ RunTime:0.0002s ]
SQL: SELECT * FROM `xwzb` WHERE ( 1=1 AND wzid='5' )  [ RunTime:0.0008s ]
SQL: SELECT `id`,`lbmc` FROM `leibie` WHERE ( 1=1 AND id='10' ) LIMIT 1   [ RunTime:0.0002s ]
SQL: SELECT `id`,`lbmc` FROM `leibie` WHERE ( 1=1 AND id='13' ) LIMIT 1   [ RunTime:0.0003s ]
SQL: SELECT * FROM `xwzb` WHERE ( 1=1 AND wzid='7' )  [ RunTime:0.0006s ]
SQL: SELECT `id`,`lbmc` FROM `leibie` WHERE ( 1=1 AND id='10' ) LIMIT 1   [ RunTime:0.0002s ]
SQL: SELECT `id`,`lbmc` FROM `leibie` WHERE ( 1=1 AND id='13' ) LIMIT 1   [ RunTime:0.0001s ]
SQL: SELECT * FROM `xwzb` WHERE ( 1=1 AND wzid='21' )  [ RunTime:0.0006s ]
SQL: SELECT `id`,`biaoti`,`wzfm`,`sysj`,`zhuyan`,`diqu`,`cjsj`,`llcs`,`sscs`,`pid`,`djid`,`glid` FROM `xinwen` WHERE ( djid=4 ) ORDER BY llcs desc LIMIT 8   [ RunTime:0.0013s ]
SQL: SELECT `id`,`lbmc` FROM `leibie` WHERE ( 1=1 AND id='10' ) LIMIT 1   [ RunTime:0.0001s ]
SQL: SELECT `id`,`lbmc` FROM `leibie` WHERE ( 1=1 AND id='13' ) LIMIT 1   [ RunTime:0.0001s ]
SQL: SELECT * FROM `xwzb` WHERE ( 1=1 AND wzid='13' )  [ RunTime:0.0006s ]
SQL: SELECT `id`,`lbmc` FROM `leibie` WHERE ( 1=1 AND id='10' ) LIMIT 1   [ RunTime:0.0002s ]
SQL: SELECT `id`,`lbmc` FROM `leibie` WHERE ( 1=1 AND id='14' ) LIMIT 1   [ RunTime:0.0001s ]
SQL: SELECT * FROM `xwzb` WHERE ( 1=1 AND wzid='108' )  [ RunTime:0.0006s ]
SQL: SELECT `id`,`lbmc` FROM `leibie` WHERE ( 1=1 AND id='6' ) LIMIT 1   [ RunTime:0.0001s ]
SQL: SELECT `id`,`lbmc` FROM `leibie` WHERE ( 1=1 AND id='13' ) LIMIT 1   [ RunTime:0.0001s ]
SQL: SELECT * FROM `xwzb` WHERE ( 1=1 AND wzid='782' )  [ RunTime:0.0006s ]
SQL: SELECT `id`,`lbmc` FROM `leibie` WHERE ( 1=1 AND id='10' ) LIMIT 1   [ RunTime:0.0001s ]
SQL: SELECT `id`,`lbmc` FROM `leibie` WHERE ( 1=1 AND id='13' ) LIMIT 1   [ RunTime:0.0001s ]
SQL: SELECT * FROM `xwzb` WHERE ( 1=1 AND wzid='34' )  [ RunTime:0.0006s ]
SQL: SELECT `id`,`lbmc` FROM `leibie` WHERE ( 1=1 AND id='6' ) LIMIT 1   [ RunTime:0.0001s ]
SQL: SELECT `id`,`lbmc` FROM `leibie` WHERE ( 1=1 AND id='13' ) LIMIT 1   [ RunTime:0.0001s ]
SQL: SELECT * FROM `xwzb` WHERE ( 1=1 AND wzid='1475' )  [ RunTime:0.0006s ]
SQL: SELECT `id`,`lbmc` FROM `leibie` WHERE ( 1=1 AND id='6' ) LIMIT 1   [ RunTime:0.0001s ]
SQL: SELECT `id`,`lbmc` FROM `leibie` WHERE ( 1=1 AND id='13' ) LIMIT 1   [ RunTime:0.0001s ]
SQL: SELECT * FROM `xwzb` WHERE ( 1=1 AND wzid='27' )  [ RunTime:0.0006s ]
SQL: SELECT `id`,`biaoti`,`wzfm`,`sysj`,`zhuyan`,`diqu`,`cjsj`,`llcs`,`sscs`,`pid`,`djid`,`glid` FROM `xinwen` WHERE ( djid=3 ) ORDER BY llcs desc LIMIT 8   [ RunTime:0.0020s ]
SQL: SELECT `id`,`lbmc` FROM `leibie` WHERE ( 1=1 AND id='10' ) LIMIT 1   [ RunTime:0.0003s ]
SQL: SELECT `id`,`lbmc` FROM `leibie` WHERE ( 1=1 AND id='13' ) LIMIT 1   [ RunTime:0.0002s ]
SQL: SELECT * FROM `xwzb` WHERE ( 1=1 AND wzid='2404' )  [ RunTime:0.0006s ]
SQL: SELECT `id`,`lbmc` FROM `leibie` WHERE ( 1=1 AND id='5' ) LIMIT 1   [ RunTime:0.0002s ]
SQL: SELECT `id`,`lbmc` FROM `leibie` WHERE ( 1=1 AND id='16' ) LIMIT 1   [ RunTime:0.0001s ]
SQL: SELECT * FROM `xwzb` WHERE ( 1=1 AND wzid='17' )  [ RunTime:0.0006s ]
SQL: SELECT `id`,`lbmc` FROM `leibie` WHERE ( 1=1 AND id='12' ) LIMIT 1   [ RunTime:0.0001s ]
SQL: SELECT `id`,`lbmc` FROM `leibie` WHERE ( 1=1 AND id='16' ) LIMIT 1   [ RunTime:0.0001s ]
SQL: SELECT * FROM `xwzb` WHERE ( 1=1 AND wzid='1893' )  [ RunTime:0.0006s ]
SQL: SELECT `id`,`lbmc` FROM `leibie` WHERE ( 1=1 AND id='6' ) LIMIT 1   [ RunTime:0.0001s ]
SQL: SELECT `id`,`lbmc` FROM `leibie` WHERE ( 1=1 AND id='15' ) LIMIT 1   [ RunTime:0.0001s ]
SQL: SELECT * FROM `xwzb` WHERE ( 1=1 AND wzid='1894' )  [ RunTime:0.0006s ]
SQL: SELECT `id`,`lbmc` FROM `leibie` WHERE ( 1=1 AND id='8' ) LIMIT 1   [ RunTime:0.0001s ]
SQL: SELECT `id`,`lbmc` FROM `leibie` WHERE ( 1=1 AND id='15' ) LIMIT 1   [ RunTime:0.0001s ]
SQL: SELECT * FROM `xwzb` WHERE ( 1=1 AND wzid='25' )  [ RunTime:0.0006s ]
SQL: SELECT `id`,`lbmc` FROM `leibie` WHERE ( 1=1 AND id='6' ) LIMIT 1   [ RunTime:0.0001s ]
SQL: SELECT `id`,`lbmc` FROM `leibie` WHERE ( 1=1 AND id='15' ) LIMIT 1   [ RunTime:0.0001s ]
SQL: SELECT * FROM `xwzb` WHERE ( 1=1 AND wzid='192' )  [ RunTime:0.0006s ]
SQL: SELECT `id`,`lbmc` FROM `leibie` WHERE ( 1=1 AND id='10' ) LIMIT 1   [ RunTime:0.0001s ]
SQL: SELECT `id`,`lbmc` FROM `leibie` WHERE ( 1=1 AND id='15' ) LIMIT 1   [ RunTime:0.0001s ]
SQL: SELECT * FROM `xwzb` WHERE ( 1=1 AND wzid='22' )  [ RunTime:0.0006s ]
SQL: SELECT `id`,`lbmc` FROM `leibie` WHERE ( 1=1 AND id='10' ) LIMIT 1   [ RunTime:0.0001s ]
SQL: SELECT `id`,`lbmc` FROM `leibie` WHERE ( 1=1 AND id='16' ) LIMIT 1   [ RunTime:0.0001s ]
SQL: SELECT * FROM `xwzb` WHERE ( 1=1 AND wzid='16' )  [ RunTime:0.0006s ]
INFO: [ view_parse ] --START--
INFO: [ template_filter ] --START--
INFO: Run Behavior\ContentReplaceBehavior [ RunTime:0.000084s ]
INFO: [ template_filter ] --END-- [ RunTime:0.000117s ]
NOTIC: [8] Undefined variable: shuju D:\wamp\Apache24\www\dianyingfbb\Application\qiantai\Runtime\Cache\Home\6896ad07b9c35c6b0f0378f7fdaa90c7.php 第 10 行.
NOTIC: [8] Undefined variable: dqlb D:\wamp\Apache24\www\dianyingfbb\Application\qiantai\Runtime\Cache\Home\6896ad07b9c35c6b0f0378f7fdaa90c7.php 第 14 行.
INFO: Run Behavior\ParseTemplateBehavior [ RunTime:0.033386s ]
INFO: [ view_parse ] --END-- [ RunTime:0.033424s ]
INFO: [ view_filter ] --START--
INFO: Run Behavior\WriteHtmlCacheBehavior [ RunTime:0.000431s ]
INFO: [ view_filter ] --END-- [ RunTime:0.000458s ]
INFO: [ app_end ] --START--
INFO: Run Behavior\ShowPageTraceBehavior [ RunTime:0.000844s ]
INFO: [ app_end ] --END-- [ RunTime:0.000879s ]

[ 2017-10-19T10:14:45+08:00 ] 192.168.1.213 /dianyingfbb/index.php
INFO: [ app_init ] --START--
INFO: Run Behavior\BuildLiteBehavior [ RunTime:0.000008s ]
INFO: [ app_init ] --END-- [ RunTime:0.000350s ]
INFO: [ app_begin ] --START--
INFO: Run Behavior\ReadHtmlCacheBehavior [ RunTime:0.000430s ]
INFO: [ app_begin ] --END-- [ RunTime:0.000462s ]
SQL: SHOW COLUMNS FROM `zdsz` [ RunTime:0.0004s ]
SQL: SELECT * FROM `zdsz`  [ RunTime:0.0001s ]
SQL: SHOW COLUMNS FROM `leibie` [ RunTime:0.0003s ]
SQL: SELECT * FROM `leibie` ORDER BY paixu LIMIT 18   [ RunTime:0.0002s ]
SQL: SHOW COLUMNS FROM `yqlj` [ RunTime:0.0003s ]
SQL: SELECT * FROM `yqlj` WHERE ( fuli=0 )  [ RunTime:0.0001s ]
SQL: SHOW COLUMNS FROM `xinwen` [ RunTime:0.0003s ]
SQL: SHOW COLUMNS FROM `xinwen` [ RunTime:0.0003s ]
SQL: SELECT `id`,`biaoti`,`cjsj` FROM `xinwen` WHERE ( sscs>0 ) ORDER BY id desc LIMIT 11   [ RunTime:0.0005s ]
SQL: SELECT `id`,`biaoti`,`cjsj` FROM `xinwen` ORDER BY llcs desc LIMIT 11   [ RunTime:0.0013s ]
SQL: SELECT `id`,`biaoti`,`cjsj` FROM `xinwen` ORDER BY cjsj desc LIMIT 11   [ RunTime:0.0013s ]
SQL: SELECT `id`,`biaoti`,`wzfm`,`sysj`,`zhuyan`,`diqu`,`cjsj`,`llcs`,`sscs`,`pid`,`djid`,`glid` FROM `xinwen` WHERE ( djid!=17 ) ORDER BY cjsj desc LIMIT 12   [ RunTime:0.0015s ]
SQL: SHOW COLUMNS FROM `leibie` [ RunTime:0.0004s ]
SQL: SELECT `id`,`lbmc` FROM `leibie` WHERE ( 1=1 AND id='10' ) LIMIT 1   [ RunTime:0.0002s ]
SQL: SELECT `id`,`lbmc` FROM `leibie` WHERE ( 1=1 AND id='13' ) LIMIT 1   [ RunTime:0.0002s ]
SQL: SHOW COLUMNS FROM `xwzb` [ RunTime:0.0003s ]
SQL: SELECT * FROM `xwzb` WHERE ( 1=1 AND wzid='2404' )  [ RunTime:0.0007s ]
SQL: SELECT `id`,`lbmc` FROM `leibie` WHERE ( 1=1 AND id='12' ) LIMIT 1   [ RunTime:0.0002s ]
SQL: SELECT `id`,`lbmc` FROM `leibie` WHERE ( 1=1 AND id='16' ) LIMIT 1   [ RunTime:0.0002s ]
SQL: SELECT * FROM `xwzb` WHERE ( 1=1 AND wzid='2403' )  [ RunTime:0.0006s ]
SQL: SELECT `id`,`lbmc` FROM `leibie` WHERE ( 1=1 AND id='12' ) LIMIT 1   [ RunTime:0.0003s ]
SQL: SELECT `id`,`lbmc` FROM `leibie` WHERE ( 1=1 AND id='16' ) LIMIT 1   [ RunTime:0.0002s ]
SQL: SELECT * FROM `xwzb` WHERE ( 1=1 AND wzid='2402' )  [ RunTime:0.0006s ]
SQL: SELECT `id`,`lbmc` FROM `leibie` WHERE ( 1=1 AND id='6' ) LIMIT 1   [ RunTime:0.0002s ]
SQL: SELECT `id`,`lbmc` FROM `leibie` WHERE ( 1=1 AND id='13' ) LIMIT 1   [ RunTime:0.0002s ]
SQL: SELECT * FROM `xwzb` WHERE ( 1=1 AND wzid='2401' )  [ RunTime:0.0006s ]
SQL: SELECT `id`,`lbmc` FROM `leibie` WHERE ( 1=1 AND id='7' ) LIMIT 1   [ RunTime:0.0002s ]
SQL: SELECT `id`,`lbmc` FROM `leibie` WHERE ( 1=1 AND id='13' ) LIMIT 1   [ RunTime:0.0002s ]
SQL: SELECT * FROM `xwzb` WHERE ( 1=1 AND wzid='2400' )  [ RunTime:0.0006s ]
SQL: SELECT `id`,`lbmc` FROM `leibie` WHERE ( 1=1 AND id='12' ) LIMIT 1   [ RunTime:0.0002s ]
SQL: SELECT `id`,`lbmc` FROM `leibie` WHERE ( 1=1 AND id='16' ) LIMIT 1   [ RunTime:0.0002s ]
SQL: SELECT * FROM `xwzb` WHERE ( 1=1 AND wzid='2397' )  [ RunTime:0.0006s ]
SQL: SELECT `id`,`lbmc` FROM `leibie` WHERE ( 1=1 AND id='12' ) LIMIT 1   [ RunTime:0.0001s ]
SQL: SELECT `id`,`lbmc` FROM `leibie` WHERE ( 1=1 AND id='16' ) LIMIT 1   [ RunTime:0.0002s ]
SQL: SELECT * FROM `xwzb` WHERE ( 1=1 AND wzid='2396' )  [ RunTime:0.0006s ]
SQL: SELECT `id`,`lbmc` FROM `leibie` WHERE ( 1=1 AND id='1' ) LIMIT 1   [ RunTime:0.0002s ]
SQL: SELECT `id`,`lbmc` FROM `leibie` WHERE ( 1=1 AND id='16' ) LIMIT 1   [ RunTime:0.0002s ]
SQL: SELECT * FROM `xwzb` WHERE ( 1=1 AND wzid='2394' )  [ RunTime:0.0006s ]
SQL: SELECT `id`,`lbmc` FROM `leibie` WHERE ( 1=1 AND id='1' ) LIMIT 1   [ RunTime:0.0002s ]
SQL: SELECT `id`,`lbmc` FROM `leibie` WHERE ( 1=1 AND id='15' ) LIMIT 1   [ RunTime:0.0002s ]
SQL: SELECT * FROM `xwzb` WHERE ( 1=1 AND wzid='2395' )  [ RunTime:0.0006s ]
SQL: SELECT `id`,`lbmc` FROM `leibie` WHERE ( 1=1 AND id='12' ) LIMIT 1   [ RunTime:0.0002s ]
SQL: SELECT `id`,`lbmc` FROM `leibie` WHERE ( 1=1 AND id='16' ) LIMIT 1   [ RunTime:0.0002s ]
SQL: SELECT * FROM `xwzb` WHERE ( 1=1 AND wzid='2393' )  [ RunTime:0.0006s ]
SQL: SELECT `id`,`lbmc` FROM `leibie` WHERE ( 1=1 AND id='12' ) LIMIT 1   [ RunTime:0.0002s ]
SQL: SELECT `id`,`lbmc` FROM `leibie` WHERE ( 1=1 AND id='16' ) LIMIT 1   [ RunTime:0.0002s ]
SQL: SELECT * FROM `xwzb` WHERE ( 1=1 AND wzid='2390' )  [ RunTime:0.0006s ]
SQL: SELECT `id`,`lbmc` FROM `leibie` WHERE ( 1=1 AND id='12' ) LIMIT 1   [ RunTime:0.0002s ]
SQL: SELECT `id`,`lbmc` FROM `leibie` WHERE ( 1=1 AND id='15' ) LIMIT 1   [ RunTime:0.0002s ]
SQL: SELECT * FROM `xwzb` WHERE ( 1=1 AND wzid='2391' )  [ RunTime:0.0007s ]
SQL: SELECT `id`,`biaoti`,`wzfm`,`sysj`,`zhuyan`,`diqu`,`cjsj`,`llcs`,`sscs`,`pid`,`djid`,`glid` FROM `xinwen` WHERE ( pid=12 and djid!=17 ) ORDER BY id desc LIMIT 12   [ RunTime:0.0004s ]
SQL: SELECT `id`,`lbmc` FROM `leibie` WHERE ( 1=1 AND id='12' ) LIMIT 1   [ RunTime:0.0002s ]
SQL: SELECT `id`,`lbmc` FROM `leibie` WHERE ( 1=1 AND id='16' ) LIMIT 1   [ RunTime:0.0001s ]
SQL: SELECT * FROM `xwzb` WHERE ( 1=1 AND wzid='2403' )  [ RunTime:0.0006s ]
SQL: SELECT `id`,`lbmc` FROM `leibie` WHERE ( 1=1 AND id='12' ) LIMIT 1   [ RunTime:0.0002s ]
SQL: SELECT `id`,`lbmc` FROM `leibie` WHERE ( 1=1 AND id='16' ) LIMIT 1   [ RunTime:0.0001s ]
SQL: SELECT * FROM `xwzb` WHERE ( 1=1 AND wzid='2402' )  [ RunTime:0.0006s ]
SQL: SELECT `id`,`lbmc` FROM `leibie` WHERE ( 1=1 AND id='12' ) LIMIT 1   [ RunTime:0.0001s ]
SQL: SELECT `id`,`lbmc` FROM `leibie` WHERE ( 1=1 AND id='16' ) LIMIT 1   [ RunTime:0.0001s ]
SQL: SELECT * FROM `xwzb` WHERE ( 1=1 AND wzid='2397' )  [ RunTime:0.0006s ]
SQL: SELECT `id`,`lbmc` FROM `leibie` WHERE ( 1=1 AND id='12' ) LIMIT 1   [ RunTime:0.0001s ]
SQL: SELECT `id`,`lbmc` FROM `leibie` WHERE ( 1=1 AND id='16' ) LIMIT 1   [ RunTime:0.0001s ]
SQL: SELECT * FROM `xwzb` WHERE ( 1=1 AND wzid='2396' )  [ RunTime:0.0006s ]
SQL: SELECT `id`,`lbmc` FROM `leibie` WHERE ( 1=1 AND id='12' ) LIMIT 1   [ RunTime:0.0001s ]
SQL: SELECT `id`,`lbmc` FROM `leibie` WHERE ( 1=1 AND id='16' ) LIMIT 1   [ RunTime:0.0002s ]
SQL: SELECT * FROM `xwzb` WHERE ( 1=1 AND wzid='2393' )  [ RunTime:0.0007s ]
SQL: SELECT `id`,`lbmc` FROM `leibie` WHERE ( 1=1 AND id='12' ) LIMIT 1   [ RunTime:0.0003s ]
SQL: SELECT `id`,`lbmc` FROM `leibie` WHERE ( 1=1 AND id='15' ) LIMIT 1   [ RunTime:0.0002s ]
SQL: SELECT * FROM `xwzb` WHERE ( 1=1 AND wzid='2392' )  [ RunTime:0.0006s ]
SQL: SELECT `id`,`lbmc` FROM `leibie` WHERE ( 1=1 AND id='12' ) LIMIT 1   [ RunTime:0.0001s ]
SQL: SELECT `id`,`lbmc` FROM `leibie` WHERE ( 1=1 AND id='15' ) LIMIT 1   [ RunTime:0.0001s ]
SQL: SELECT * FROM `xwzb` WHERE ( 1=1 AND wzid='2391' )  [ RunTime:0.0005s ]
SQL: SELECT `id`,`lbmc` FROM `leibie` WHERE ( 1=1 AND id='12' ) LIMIT 1   [ RunTime:0.0001s ]
SQL: SELECT `id`,`lbmc` FROM `leibie` WHERE ( 1=1 AND id='16' ) LIMIT 1   [ RunTime:0.0001s ]
SQL: SELECT * FROM `xwzb` WHERE ( 1=1 AND wzid='2390' )  [ RunTime:0.0007s ]
SQL: SELECT `id`,`lbmc` FROM `leibie` WHERE ( 1=1 AND id='12' ) LIMIT 1   [ RunTime:0.0002s ]
SQL: SELECT `id`,`lbmc` FROM `leibie` WHERE ( 1=1 AND id='15' ) LIMIT 1   [ RunTime:0.0002s ]
SQL: SELECT * FROM `xwzb` WHERE ( 1=1 AND wzid='2358' )  [ RunTime:0.0006s ]
SQL: SELECT `id`,`lbmc` FROM `leibie` WHERE ( 1=1 AND id='12' ) LIMIT 1   [ RunTime:0.0001s ]
SQL: SELECT `id`,`lbmc` FROM `leibie` WHERE ( 1=1 AND id='16' ) LIMIT 1   [ RunTime:0.0002s ]
SQL: SELECT * FROM `xwzb` WHERE ( 1=1 AND wzid='2357' )  [ RunTime:0.0006s ]
SQL: SELECT `id`,`lbmc` FROM `leibie` WHERE ( 1=1 AND id='12' ) LIMIT 1   [ RunTime:0.0001s ]
SQL: SELECT `id`,`lbmc` FROM `leibie` WHERE ( 1=1 AND id='15' ) LIMIT 1   [ RunTime:0.0001s ]
SQL: SELECT * FROM `xwzb` WHERE ( 1=1 AND wzid='2352' )  [ RunTime:0.0006s ]
SQL: SELECT `id`,`lbmc` FROM `leibie` WHERE ( 1=1 AND id='12' ) LIMIT 1   [ RunTime:0.0001s ]
SQL: SELECT `id`,`lbmc` FROM `leibie` WHERE ( 1=1 AND id='15' ) LIMIT 1   [ RunTime:0.0001s ]
SQL: SELECT * FROM `xwzb` WHERE ( 1=1 AND wzid='2351' )  [ RunTime:0.0006s ]
SQL: SELECT `id`,`biaoti`,`wzfm`,`sysj`,`zhuyan`,`diqu`,`cjsj`,`llcs`,`sscs`,`pid`,`djid`,`glid` FROM `xinwen` WHERE `cjsj` >= 1507774485 AND `djid` <> '17' ORDER BY llcs desc LIMIT 12   [ RunTime:0.0012s ]
SQL: SELECT `id`,`biaoti`,`wzfm`,`sysj`,`zhuyan`,`diqu`,`cjsj`,`llcs`,`sscs`,`pid`,`djid`,`glid` FROM `xinwen` WHERE `cjsj` >= 1505787285 AND `djid` <> '17' ORDER BY llcs desc LIMIT 12   [ RunTime:0.0015s ]
SQL: SELECT `id`,`lbmc` FROM `leibie` WHERE ( 1=1 AND id='10' ) LIMIT 1   [ RunTime:0.0002s ]
SQL: SELECT `id`,`lbmc` FROM `leibie` WHERE ( 1=1 AND id='13' ) LIMIT 1   [ RunTime:0.0002s ]
SQL: SELECT * FROM `xwzb` WHERE ( 1=1 AND wzid='2404' )  [ RunTime:0.0006s ]
SQL: SELECT `id`,`lbmc` FROM `leibie` WHERE ( 1=1 AND id='12' ) LIMIT 1   [ RunTime:0.0002s ]
SQL: SELECT `id`,`lbmc` FROM `leibie` WHERE ( 1=1 AND id='16' ) LIMIT 1   [ RunTime:0.0002s ]
SQL: SELECT * FROM `xwzb` WHERE ( 1=1 AND wzid='2402' )  [ RunTime:0.0006s ]
SQL: SELECT `id`,`lbmc` FROM `leibie` WHERE ( 1=1 AND id='7' ) LIMIT 1   [ RunTime:0.0002s ]
SQL: SELECT `id`,`lbmc` FROM `leibie` WHERE ( 1=1 AND id='13' ) LIMIT 1   [ RunTime:0.0002s ]
SQL: SELECT * FROM `xwzb` WHERE ( 1=1 AND wzid='2400' )  [ RunTime:0.0006s ]
SQL: SELECT `id`,`lbmc` FROM `leibie` WHERE ( 1=1 AND id='6' ) LIMIT 1   [ RunTime:0.0002s ]
SQL: SELECT `id`,`lbmc` FROM `leibie` WHERE ( 1=1 AND id='13' ) LIMIT 1   [ RunTime:0.0002s ]
SQL: SELECT * FROM `xwzb` WHERE ( 1=1 AND wzid='2401' )  [ RunTime:0.0006s ]
SQL: SELECT `id`,`lbmc` FROM `leibie` WHERE ( 1=1 AND id='12' ) LIMIT 1   [ RunTime:0.0002s ]
SQL: SELECT `id`,`lbmc` FROM `leibie` WHERE ( 1=1 AND id='16' ) LIMIT 1   [ RunTime:0.0002s ]
SQL: SELECT * FROM `xwzb` WHERE ( 1=1 AND wzid='2403' )  [ RunTime:0.0006s ]
SQL: SELECT `id`,`biaoti`,`wzfm`,`sysj`,`zhuyan`,`diqu`,`cjsj`,`llcs`,`sscs`,`pid`,`djid`,`glid` FROM `xinwen` WHERE ( djid=1 ) ORDER BY llcs desc LIMIT 8   [ RunTime:0.0013s ]
SQL: SELECT `id`,`lbmc` FROM `leibie` WHERE ( 1=1 AND id='12' ) LIMIT 1   [ RunTime:0.0002s ]
SQL: SELECT `id`,`lbmc` FROM `leibie` WHERE ( 1=1 AND id='16' ) LIMIT 1   [ RunTime:0.0001s ]
SQL: SELECT * FROM `xwzb` WHERE ( 1=1 AND wzid='1946' )  [ RunTime:0.0006s ]
SQL: SELECT `id`,`lbmc` FROM `leibie` WHERE ( 1=1 AND id='7' ) LIMIT 1   [ RunTime:0.0001s ]
SQL: SELECT `id`,`lbmc` FROM `leibie` WHERE ( 1=1 AND id='13' ) LIMIT 1   [ RunTime:0.0001s ]
SQL: SELECT * FROM `xwzb` WHERE ( 1=1 AND wzid='2' )  [ RunTime:0.0006s ]
SQL: SELECT `id`,`lbmc` FROM `leibie` WHERE ( 1=1 AND id='12' ) LIMIT 1   [ RunTime:0.0001s ]
SQL: SELECT `id`,`lbmc` FROM `leibie` WHERE ( 1=1 AND id='16' ) LIMIT 1   [ RunTime:0.0001s ]
SQL: SELECT * FROM `xwzb` WHERE ( 1=1 AND wzid='697' )  [ RunTime:0.0006s ]
SQL: SELECT `id`,`lbmc` FROM `leibie` WHERE ( 1=1 AND id='12' ) LIMIT 1   [ RunTime:0.0001s ]
SQL: SELECT `id`,`lbmc` FROM `leibie` WHERE ( 1=1 AND id='16' ) LIMIT 1   [ RunTime:0.0002s ]
SQL: SELECT * FROM `xwzb` WHERE ( 1=1 AND wzid='2263' )  [ RunTime:0.0006s ]
SQL: SELECT `id`,`lbmc` FROM `leibie` WHERE ( 1=1 AND id='5' ) LIMIT 1   [ RunTime:0.0001s ]
SQL: SELECT `id`,`lbmc` FROM `leibie` WHERE ( 1=1 AND id='13' ) LIMIT 1   [ RunTime:0.0002s ]
SQL: SELECT * FROM `xwzb` WHERE ( 1=1 AND wzid='1' )  [ RunTime:0.0006s ]
SQL: SELECT `id`,`lbmc` FROM `leibie` WHERE ( 1=1 AND id='7' ) LIMIT 1   [ RunTime:0.0001s ]
SQL: SELECT `id`,`lbmc` FROM `leibie` WHERE ( 1=1 AND id='16' ) LIMIT 1   [ RunTime:0.0001s ]
SQL: SELECT * FROM `xwzb` WHERE ( 1=1 AND wzid='69' )  [ RunTime:0.0006s ]
SQL: SELECT `id`,`lbmc` FROM `leibie` WHERE ( 1=1 AND id='10' ) LIMIT 1   [ RunTime:0.0001s ]
SQL: SELECT `id`,`lbmc` FROM `leibie` WHERE ( 1=1 AND id='16' ) LIMIT 1   [ RunTime:0.0001s ]
SQL: SELECT * FROM `xwzb` WHERE ( 1=1 AND wzid='43' )  [ RunTime:0.0006s ]
SQL: SELECT `id`,`lbmc` FROM `leibie` WHERE ( 1=1 AND id='10' ) LIMIT 1   [ RunTime:0.0001s ]
SQL: SELECT `id`,`lbmc` FROM `leibie` WHERE ( 1=1 AND id='16' ) LIMIT 1   [ RunTime:0.0001s ]
SQL: SELECT * FROM `xwzb` WHERE ( 1=1 AND wzid='669' )  [ RunTime:0.0007s ]
SQL: SELECT `id`,`biaoti`,`wzfm`,`sysj`,`zhuyan`,`diqu`,`cjsj`,`llcs`,`sscs`,`pid`,`djid`,`glid` FROM `xinwen` WHERE ( djid=2 ) ORDER BY llcs desc LIMIT 8   [ RunTime:0.0013s ]
SQL: SELECT `id`,`lbmc` FROM `leibie` WHERE ( 1=1 AND id='7' ) LIMIT 1   [ RunTime:0.0002s ]
SQL: SELECT `id`,`lbmc` FROM `leibie` WHERE ( 1=1 AND id='13' ) LIMIT 1   [ RunTime:0.0001s ]
SQL: SELECT * FROM `xwzb` WHERE ( 1=1 AND wzid='18' )  [ RunTime:0.0006s ]
SQL: SELECT `id`,`lbmc` FROM `leibie` WHERE ( 1=1 AND id='7' ) LIMIT 1   [ RunTime:0.0002s ]
SQL: SELECT `id`,`lbmc` FROM `leibie` WHERE ( 1=1 AND id='13' ) LIMIT 1   [ RunTime:0.0002s ]
SQL: SELECT * FROM `xwzb` WHERE ( 1=1 AND wzid='1642' )  [ RunTime:0.0008s ]
SQL: SELECT `id`,`lbmc` FROM `leibie` WHERE ( 1=1 AND id='10' ) LIMIT 1   [ RunTime:0.0001s ]
SQL: SELECT `id`,`lbmc` FROM `leibie` WHERE ( 1=1 AND id='13' ) LIMIT 1   [ RunTime:0.0001s ]
SQL: SELECT * FROM `xwzb` WHERE ( 1=1 AND wzid='24' )  [ RunTime:0.0006s ]
SQL: SELECT `id`,`lbmc` FROM `leibie` WHERE ( 1=1 AND id='10' ) LIMIT 1   [ RunTime:0.0002s ]
SQL: SELECT `id`,`lbmc` FROM `leibie` WHERE ( 1=1 AND id='15' ) LIMIT 1   [ RunTime:0.0001s ]
SQL: SELECT * FROM `xwzb` WHERE ( 1=1 AND wzid='70' )  [ RunTime:0.0006s ]
SQL: SELECT `id`,`lbmc` FROM `leibie` WHERE ( 1=1 AND id='6' ) LIMIT 1   [ RunTime:0.0001s ]
SQL: SELECT `id`,`lbmc` FROM `leibie` WHERE ( 1=1 AND id='13' ) LIMIT 1   [ RunTime:0.0001s ]
SQL: SELECT * FROM `xwzb` WHERE ( 1=1 AND wzid='2077' )  [ RunTime:0.0006s ]
SQL: SELECT `id`,`lbmc` FROM `leibie` WHERE ( 1=1 AND id='10' ) LIMIT 1   [ RunTime:0.0001s ]
SQL: SELECT `id`,`lbmc` FROM `leibie` WHERE ( 1=1 AND id='13' ) LIMIT 1   [ RunTime:0.0001s ]
SQL: SELECT * FROM `xwzb` WHERE ( 1=1 AND wzid='5' )  [ RunTime:0.0006s ]
SQL: SELECT `id`,`lbmc` FROM `leibie` WHERE ( 1=1 AND id='10' ) LIMIT 1   [ RunTime:0.0001s ]
SQL: SELECT `id`,`lbmc` FROM `leibie` WHERE ( 1=1 AND id='13' ) LIMIT 1   [ RunTime:0.0001s ]
SQL: SELECT * FROM `xwzb` WHERE ( 1=1 AND wzid='7' )  [ RunTime:0.0006s ]
SQL: SELECT `id`,`lbmc` FROM `leibie` WHERE ( 1=1 AND id='10' ) LIMIT 1   [ RunTime:0.0001s ]
SQL: SELECT `id`,`lbmc` FROM `leibie` WHERE ( 1=1 AND id='13' ) LIMIT 1   [ RunTime:0.0001s ]
SQL: SELECT * FROM `xwzb` WHERE ( 1=1 AND wzid='21' )  [ RunTime:0.0006s ]
SQL: SELECT `id`,`biaoti`,`wzfm`,`sysj`,`zhuyan`,`diqu`,`cjsj`,`llcs`,`sscs`,`pid`,`djid`,`glid` FROM `xinwen` WHERE ( djid=4 ) ORDER BY llcs desc LIMIT 8   [ RunTime:0.0013s ]
SQL: SELECT `id`,`lbmc` FROM `leibie` WHERE ( 1=1 AND id='10' ) LIMIT 1   [ RunTime:0.0002s ]
SQL: SELECT `id`,`lbmc` FROM `leibie` WHERE ( 1=1 AND id='13' ) LIMIT 1   [ RunTime:0.0001s ]
SQL: SELECT * FROM `xwzb` WHERE ( 1=1 AND wzid='13' )  [ RunTime:0.0006s ]
SQL: SELECT `id`,`lbmc` FROM `leibie` WHERE ( 1=1 AND id='10' ) LIMIT 1   [ RunTime:0.0001s ]
SQL: SELECT `id`,`lbmc` FROM `leibie` WHERE ( 1=1 AND id='14' ) LIMIT 1   [ RunTime:0.0001s ]
SQL: SELECT * FROM `xwzb` WHERE ( 1=1 AND wzid='108' )  [ RunTime:0.0005s ]
SQL: SELECT `id`,`lbmc` FROM `leibie` WHERE ( 1=1 AND id='6' ) LIMIT 1   [ RunTime:0.0001s ]
SQL: SELECT `id`,`lbmc` FROM `leibie` WHERE ( 1=1 AND id='13' ) LIMIT 1   [ RunTime:0.0001s ]
SQL: SELECT * FROM `xwzb` WHERE ( 1=1 AND wzid='782' )  [ RunTime:0.0006s ]
SQL: SELECT `id`,`lbmc` FROM `leibie` WHERE ( 1=1 AND id='10' ) LIMIT 1   [ RunTime:0.0001s ]
SQL: SELECT `id`,`lbmc` FROM `leibie` WHERE ( 1=1 AND id='13' ) LIMIT 1   [ RunTime:0.0001s ]
SQL: SELECT * FROM `xwzb` WHERE ( 1=1 AND wzid='34' )  [ RunTime:0.0007s ]
SQL: SELECT `id`,`lbmc` FROM `leibie` WHERE ( 1=1 AND id='6' ) LIMIT 1   [ RunTime:0.0002s ]
SQL: SELECT `id`,`lbmc` FROM `leibie` WHERE ( 1=1 AND id='13' ) LIMIT 1   [ RunTime:0.0002s ]
SQL: SELECT * FROM `xwzb` WHERE ( 1=1 AND wzid='1475' )  [ RunTime:0.0008s ]
SQL: SELECT `id`,`lbmc` FROM `leibie` WHERE ( 1=1 AND id='6' ) LIMIT 1   [ RunTime:0.0002s ]
SQL: SELECT `id`,`lbmc` FROM `leibie` WHERE ( 1=1 AND id='13' ) LIMIT 1   [ RunTime:0.0002s ]
SQL: SELECT * FROM `xwzb` WHERE ( 1=1 AND wzid='27' )  [ RunTime:0.0006s ]
SQL: SELECT `id`,`biaoti`,`wzfm`,`sysj`,`zhuyan`,`diqu`,`cjsj`,`llcs`,`sscs`,`pid`,`djid`,`glid` FROM `xinwen` WHERE ( djid=3 ) ORDER BY llcs desc LIMIT 8   [ RunTime:0.0013s ]
SQL: SELECT `id`,`lbmc` FROM `leibie` WHERE ( 1=1 AND id='10' ) LIMIT 1   [ RunTime:0.0002s ]
SQL: SELECT `id`,`lbmc` FROM `leibie` WHERE ( 1=1 AND id='13' ) LIMIT 1   [ RunTime:0.0001s ]
SQL: SELECT * FROM `xwzb` WHERE ( 1=1 AND wzid='2404' )  [ RunTime:0.0006s ]
SQL: SELECT `id`,`lbmc` FROM `leibie` WHERE ( 1=1 AND id='5' ) LIMIT 1   [ RunTime:0.0001s ]
SQL: SELECT `id`,`lbmc` FROM `leibie` WHERE ( 1=1 AND id='16' ) LIMIT 1   [ RunTime:0.0001s ]
SQL: SELECT * FROM `xwzb` WHERE ( 1=1 AND wzid='17' )  [ RunTime:0.0006s ]
SQL: SELECT `id`,`lbmc` FROM `leibie` WHERE ( 1=1 AND id='12' ) LIMIT 1   [ RunTime:0.0001s ]
SQL: SELECT `id`,`lbmc` FROM `leibie` WHERE ( 1=1 AND id='16' ) LIMIT 1   [ RunTime:0.0001s ]
SQL: SELECT * FROM `xwzb` WHERE ( 1=1 AND wzid='1893' )  [ RunTime:0.0006s ]
SQL: SELECT `id`,`lbmc` FROM `leibie` WHERE ( 1=1 AND id='6' ) LIMIT 1   [ RunTime:0.0001s ]
SQL: SELECT `id`,`lbmc` FROM `leibie` WHERE ( 1=1 AND id='15' ) LIMIT 1   [ RunTime:0.0001s ]
SQL: SELECT * FROM `xwzb` WHERE ( 1=1 AND wzid='1894' )  [ RunTime:0.0006s ]
SQL: SELECT `id`,`lbmc` FROM `leibie` WHERE ( 1=1 AND id='8' ) LIMIT 1   [ RunTime:0.0001s ]
SQL: SELECT `id`,`lbmc` FROM `leibie` WHERE ( 1=1 AND id='15' ) LIMIT 1   [ RunTime:0.0001s ]
SQL: SELECT * FROM `xwzb` WHERE ( 1=1 AND wzid='25' )  [ RunTime:0.0006s ]
SQL: SELECT `id`,`lbmc` FROM `leibie` WHERE ( 1=1 AND id='6' ) LIMIT 1   [ RunTime:0.0001s ]
SQL: SELECT `id`,`lbmc` FROM `leibie` WHERE ( 1=1 AND id='15' ) LIMIT 1   [ RunTime:0.0001s ]
SQL: SELECT * FROM `xwzb` WHERE ( 1=1 AND wzid='192' )  [ RunTime:0.0006s ]
SQL: SELECT `id`,`lbmc` FROM `leibie` WHERE ( 1=1 AND id='10' ) LIMIT 1   [ RunTime:0.0001s ]
SQL: SELECT `id`,`lbmc` FROM `leibie` WHERE ( 1=1 AND id='15' ) LIMIT 1   [ RunTime:0.0001s ]
SQL: SELECT * FROM `xwzb` WHERE ( 1=1 AND wzid='22' )  [ RunTime:0.0006s ]
SQL: SELECT `id`,`lbmc` FROM `leibie` WHERE ( 1=1 AND id='10' ) LIMIT 1   [ RunTime:0.0001s ]
SQL: SELECT `id`,`lbmc` FROM `leibie` WHERE ( 1=1 AND id='16' ) LIMIT 1   [ RunTime:0.0001s ]
SQL: SELECT * FROM `xwzb` WHERE ( 1=1 AND wzid='16' )  [ RunTime:0.0006s ]
INFO: [ view_parse ] --START--
INFO: [ template_filter ] --START--
INFO: Run Behavior\ContentReplaceBehavior [ RunTime:0.000084s ]
INFO: [ template_filter ] --END-- [ RunTime:0.000115s ]
NOTIC: [8] Undefined variable: shuju D:\wamp\Apache24\www\dianyingfbb\Application\qiantai\Runtime\Cache\Home\6896ad07b9c35c6b0f0378f7fdaa90c7.php 第 10 行.
NOTIC: [8] Undefined variable: dqlb D:\wamp\Apache24\www\dianyingfbb\Application\qiantai\Runtime\Cache\Home\6896ad07b9c35c6b0f0378f7fdaa90c7.php 第 14 行.
INFO: Run Behavior\ParseTemplateBehavior [ RunTime:0.017046s ]
INFO: [ view_parse ] --END-- [ RunTime:0.017077s ]
INFO: [ view_filter ] --START--
INFO: Run Behavior\WriteHtmlCacheBehavior [ RunTime:0.000400s ]
INFO: [ view_filter ] --END-- [ RunTime:0.000427s ]
INFO: [ app_end ] --START--
INFO: Run Behavior\ShowPageTraceBehavior [ RunTime:0.000633s ]
INFO: [ app_end ] --END-- [ RunTime:0.000663s ]

[ 2017-10-19T10:19:35+08:00 ] 127.0.0.1 /dianyingfbb/
INFO: [ app_init ] --START--
INFO: Run Behavior\BuildLiteBehavior [ RunTime:0.000008s ]
INFO: [ app_init ] --END-- [ RunTime:0.000378s ]
INFO: [ app_begin ] --START--
INFO: Run Behavior\ReadHtmlCacheBehavior [ RunTime:0.000483s ]
INFO: [ app_begin ] --END-- [ RunTime:0.000516s ]
SQL: SHOW COLUMNS FROM `zdsz` [ RunTime:0.0014s ]
SQL: SELECT * FROM `zdsz`  [ RunTime:0.0004s ]
SQL: SHOW COLUMNS FROM `leibie` [ RunTime:0.0010s ]
SQL: SELECT * FROM `leibie` ORDER BY paixu LIMIT 18   [ RunTime:0.0004s ]
SQL: SHOW COLUMNS FROM `yqlj` [ RunTime:0.0010s ]
SQL: SELECT * FROM `yqlj` WHERE ( fuli=0 )  [ RunTime:0.0003s ]
SQL: SHOW COLUMNS FROM `xinwen` [ RunTime:0.0007s ]
SQL: SHOW COLUMNS FROM `xinwen` [ RunTime:0.0004s ]
SQL: SELECT `id`,`biaoti`,`cjsj` FROM `xinwen` WHERE ( sscs>0 ) ORDER BY id desc LIMIT 11   [ RunTime:0.0006s ]
SQL: SELECT `id`,`biaoti`,`cjsj` FROM `xinwen` ORDER BY llcs desc LIMIT 11   [ RunTime:0.0014s ]
SQL: SELECT `id`,`biaoti`,`cjsj` FROM `xinwen` ORDER BY cjsj desc LIMIT 11   [ RunTime:0.0013s ]
SQL: SELECT `id`,`biaoti`,`wzfm`,`sysj`,`zhuyan`,`diqu`,`cjsj`,`llcs`,`sscs`,`pid`,`djid`,`glid` FROM `xinwen` WHERE ( djid!=17 ) ORDER BY cjsj desc LIMIT 12   [ RunTime:0.0013s ]
SQL: SHOW COLUMNS FROM `leibie` [ RunTime:0.0004s ]
SQL: SELECT `id`,`lbmc` FROM `leibie` WHERE ( 1=1 AND id='10' ) LIMIT 1   [ RunTime:0.0003s ]
SQL: SELECT `id`,`lbmc` FROM `leibie` WHERE ( 1=1 AND id='13' ) LIMIT 1   [ RunTime:0.0002s ]
SQL: SHOW COLUMNS FROM `xwzb` [ RunTime:0.0006s ]
SQL: SELECT * FROM `xwzb` WHERE ( 1=1 AND wzid='2404' )  [ RunTime:0.0014s ]
SQL: SELECT `id`,`lbmc` FROM `leibie` WHERE ( 1=1 AND id='12' ) LIMIT 1   [ RunTime:0.0004s ]
SQL: SELECT `id`,`lbmc` FROM `leibie` WHERE ( 1=1 AND id='16' ) LIMIT 1   [ RunTime:0.0002s ]
SQL: SELECT * FROM `xwzb` WHERE ( 1=1 AND wzid='2403' )  [ RunTime:0.0007s ]
SQL: SELECT `id`,`lbmc` FROM `leibie` WHERE ( 1=1 AND id='12' ) LIMIT 1   [ RunTime:0.0002s ]
SQL: SELECT `id`,`lbmc` FROM `leibie` WHERE ( 1=1 AND id='16' ) LIMIT 1   [ RunTime:0.0002s ]
SQL: SELECT * FROM `xwzb` WHERE ( 1=1 AND wzid='2402' )  [ RunTime:0.0009s ]
SQL: SELECT `id`,`lbmc` FROM `leibie` WHERE ( 1=1 AND id='6' ) LIMIT 1   [ RunTime:0.0004s ]
SQL: SELECT `id`,`lbmc` FROM `leibie` WHERE ( 1=1 AND id='13' ) LIMIT 1   [ RunTime:0.0003s ]
SQL: SELECT * FROM `xwzb` WHERE ( 1=1 AND wzid='2401' )  [ RunTime:0.0008s ]
SQL: SELECT `id`,`lbmc` FROM `leibie` WHERE ( 1=1 AND id='7' ) LIMIT 1   [ RunTime:0.0002s ]
SQL: SELECT `id`,`lbmc` FROM `leibie` WHERE ( 1=1 AND id='13' ) LIMIT 1   [ RunTime:0.0002s ]
SQL: SELECT * FROM `xwzb` WHERE ( 1=1 AND wzid='2400' )  [ RunTime:0.0006s ]
SQL: SELECT `id`,`lbmc` FROM `leibie` WHERE ( 1=1 AND id='12' ) LIMIT 1   [ RunTime:0.0002s ]
SQL: SELECT `id`,`lbmc` FROM `leibie` WHERE ( 1=1 AND id='16' ) LIMIT 1   [ RunTime:0.0002s ]
SQL: SELECT * FROM `xwzb` WHERE ( 1=1 AND wzid='2397' )  [ RunTime:0.0006s ]
SQL: SELECT `id`,`lbmc` FROM `leibie` WHERE ( 1=1 AND id='12' ) LIMIT 1   [ RunTime:0.0002s ]
SQL: SELECT `id`,`lbmc` FROM `leibie` WHERE ( 1=1 AND id='16' ) LIMIT 1   [ RunTime:0.0002s ]
SQL: SELECT * FROM `xwzb` WHERE ( 1=1 AND wzid='2396' )  [ RunTime:0.0006s ]
SQL: SELECT `id`,`lbmc` FROM `leibie` WHERE ( 1=1 AND id='1' ) LIMIT 1   [ RunTime:0.0002s ]
SQL: SELECT `id`,`lbmc` FROM `leibie` WHERE ( 1=1 AND id='16' ) LIMIT 1   [ RunTime:0.0002s ]
SQL: SELECT * FROM `xwzb` WHERE ( 1=1 AND wzid='2394' )  [ RunTime:0.0008s ]
SQL: SELECT `id`,`lbmc` FROM `leibie` WHERE ( 1=1 AND id='1' ) LIMIT 1   [ RunTime:0.0002s ]
SQL: SELECT `id`,`lbmc` FROM `leibie` WHERE ( 1=1 AND id='15' ) LIMIT 1   [ RunTime:0.0002s ]
SQL: SELECT * FROM `xwzb` WHERE ( 1=1 AND wzid='2395' )  [ RunTime:0.0006s ]
SQL: SELECT `id`,`lbmc` FROM `leibie` WHERE ( 1=1 AND id='12' ) LIMIT 1   [ RunTime:0.0002s ]
SQL: SELECT `id`,`lbmc` FROM `leibie` WHERE ( 1=1 AND id='16' ) LIMIT 1   [ RunTime:0.0002s ]
SQL: SELECT * FROM `xwzb` WHERE ( 1=1 AND wzid='2393' )  [ RunTime:0.0006s ]
SQL: SELECT `id`,`lbmc` FROM `leibie` WHERE ( 1=1 AND id='12' ) LIMIT 1   [ RunTime:0.0002s ]
SQL: SELECT `id`,`lbmc` FROM `leibie` WHERE ( 1=1 AND id='16' ) LIMIT 1   [ RunTime:0.0002s ]
SQL: SELECT * FROM `xwzb` WHERE ( 1=1 AND wzid='2390' )  [ RunTime:0.0006s ]
SQL: SELECT `id`,`lbmc` FROM `leibie` WHERE ( 1=1 AND id='12' ) LIMIT 1   [ RunTime:0.0002s ]
SQL: SELECT `id`,`lbmc` FROM `leibie` WHERE ( 1=1 AND id='15' ) LIMIT 1   [ RunTime:0.0002s ]
SQL: SELECT * FROM `xwzb` WHERE ( 1=1 AND wzid='2391' )  [ RunTime:0.0011s ]
SQL: SELECT `id`,`biaoti`,`wzfm`,`sysj`,`zhuyan`,`diqu`,`cjsj`,`llcs`,`sscs`,`pid`,`djid`,`glid` FROM `xinwen` WHERE ( pid=12 and djid!=17 ) ORDER BY id desc LIMIT 12   [ RunTime:0.0006s ]
SQL: SELECT `id`,`lbmc` FROM `leibie` WHERE ( 1=1 AND id='12' ) LIMIT 1   [ RunTime:0.0003s ]
SQL: SELECT `id`,`lbmc` FROM `leibie` WHERE ( 1=1 AND id='16' ) LIMIT 1   [ RunTime:0.0003s ]
SQL: SELECT * FROM `xwzb` WHERE ( 1=1 AND wzid='2403' )  [ RunTime:0.0006s ]
SQL: SELECT `id`,`lbmc` FROM `leibie` WHERE ( 1=1 AND id='12' ) LIMIT 1   [ RunTime:0.0002s ]
SQL: SELECT `id`,`lbmc` FROM `leibie` WHERE ( 1=1 AND id='16' ) LIMIT 1   [ RunTime:0.0002s ]
SQL: SELECT * FROM `xwzb` WHERE ( 1=1 AND wzid='2402' )  [ RunTime:0.0008s ]
SQL: SELECT `id`,`lbmc` FROM `leibie` WHERE ( 1=1 AND id='12' ) LIMIT 1   [ RunTime:0.0002s ]
SQL: SELECT `id`,`lbmc` FROM `leibie` WHERE ( 1=1 AND id='16' ) LIMIT 1   [ RunTime:0.0002s ]
SQL: SELECT * FROM `xwzb` WHERE ( 1=1 AND wzid='2397' )  [ RunTime:0.0008s ]
SQL: SELECT `id`,`lbmc` FROM `leibie` WHERE ( 1=1 AND id='12' ) LIMIT 1   [ RunTime:0.0002s ]
SQL: SELECT `id`,`lbmc` FROM `leibie` WHERE ( 1=1 AND id='16' ) LIMIT 1   [ RunTime:0.0002s ]
SQL: SELECT * FROM `xwzb` WHERE ( 1=1 AND wzid='2396' )  [ RunTime:0.0006s ]
SQL: SELECT `id`,`lbmc` FROM `leibie` WHERE ( 1=1 AND id='12' ) LIMIT 1   [ RunTime:0.0002s ]
SQL: SELECT `id`,`lbmc` FROM `leibie` WHERE ( 1=1 AND id='16' ) LIMIT 1   [ RunTime:0.0002s ]
SQL: SELECT * FROM `xwzb` WHERE ( 1=1 AND wzid='2393' )  [ RunTime:0.0006s ]
SQL: SELECT `id`,`lbmc` FROM `leibie` WHERE ( 1=1 AND id='12' ) LIMIT 1   [ RunTime:0.0002s ]
SQL: SELECT `id`,`lbmc` FROM `leibie` WHERE ( 1=1 AND id='15' ) LIMIT 1   [ RunTime:0.0002s ]
SQL: SELECT * FROM `xwzb` WHERE ( 1=1 AND wzid='2392' )  [ RunTime:0.0006s ]
SQL: SELECT `id`,`lbmc` FROM `leibie` WHERE ( 1=1 AND id='12' ) LIMIT 1   [ RunTime:0.0002s ]
SQL: SELECT `id`,`lbmc` FROM `leibie` WHERE ( 1=1 AND id='15' ) LIMIT 1   [ RunTime:0.0002s ]
SQL: SELECT * FROM `xwzb` WHERE ( 1=1 AND wzid='2391' )  [ RunTime:0.0006s ]
SQL: SELECT `id`,`lbmc` FROM `leibie` WHERE ( 1=1 AND id='12' ) LIMIT 1   [ RunTime:0.0002s ]
SQL: SELECT `id`,`lbmc` FROM `leibie` WHERE ( 1=1 AND id='16' ) LIMIT 1   [ RunTime:0.0002s ]
SQL: SELECT * FROM `xwzb` WHERE ( 1=1 AND wzid='2390' )  [ RunTime:0.0006s ]
SQL: SELECT `id`,`lbmc` FROM `leibie` WHERE ( 1=1 AND id='12' ) LIMIT 1   [ RunTime:0.0002s ]
SQL: SELECT `id`,`lbmc` FROM `leibie` WHERE ( 1=1 AND id='15' ) LIMIT 1   [ RunTime:0.0002s ]
SQL: SELECT * FROM `xwzb` WHERE ( 1=1 AND wzid='2358' )  [ RunTime:0.0006s ]
SQL: SELECT `id`,`lbmc` FROM `leibie` WHERE ( 1=1 AND id='12' ) LIMIT 1   [ RunTime:0.0002s ]
SQL: SELECT `id`,`lbmc` FROM `leibie` WHERE ( 1=1 AND id='16' ) LIMIT 1   [ RunTime:0.0002s ]
SQL: SELECT * FROM `xwzb` WHERE ( 1=1 AND wzid='2357' )  [ RunTime:0.0006s ]
SQL: SELECT `id`,`lbmc` FROM `leibie` WHERE ( 1=1 AND id='12' ) LIMIT 1   [ RunTime:0.0002s ]
SQL: SELECT `id`,`lbmc` FROM `leibie` WHERE ( 1=1 AND id='15' ) LIMIT 1   [ RunTime:0.0002s ]
SQL: SELECT * FROM `xwzb` WHERE ( 1=1 AND wzid='2352' )  [ RunTime:0.0008s ]
SQL: SELECT `id`,`lbmc` FROM `leibie` WHERE ( 1=1 AND id='12' ) LIMIT 1   [ RunTime:0.0002s ]
SQL: SELECT `id`,`lbmc` FROM `leibie` WHERE ( 1=1 AND id='15' ) LIMIT 1   [ RunTime:0.0003s ]
SQL: SELECT * FROM `xwzb` WHERE ( 1=1 AND wzid='2351' )  [ RunTime:0.0009s ]
SQL: SELECT `id`,`biaoti`,`wzfm`,`sysj`,`zhuyan`,`diqu`,`cjsj`,`llcs`,`sscs`,`pid`,`djid`,`glid` FROM `xinwen` WHERE `cjsj` >= 1507774775 AND `djid` <> '17' ORDER BY llcs desc LIMIT 12   [ RunTime:0.0016s ]
SQL: SELECT `id`,`biaoti`,`wzfm`,`sysj`,`zhuyan`,`diqu`,`cjsj`,`llcs`,`sscs`,`pid`,`djid`,`glid` FROM `xinwen` WHERE `cjsj` >= 1505787575 AND `djid` <> '17' ORDER BY llcs desc LIMIT 12   [ RunTime:0.0018s ]
SQL: SELECT `id`,`lbmc` FROM `leibie` WHERE ( 1=1 AND id='10' ) LIMIT 1   [ RunTime:0.0003s ]
SQL: SELECT `id`,`lbmc` FROM `leibie` WHERE ( 1=1 AND id='13' ) LIMIT 1   [ RunTime:0.0002s ]
SQL: SELECT * FROM `xwzb` WHERE ( 1=1 AND wzid='2404' )  [ RunTime:0.0006s ]
SQL: SELECT `id`,`lbmc` FROM `leibie` WHERE ( 1=1 AND id='12' ) LIMIT 1   [ RunTime:0.0002s ]
SQL: SELECT `id`,`lbmc` FROM `leibie` WHERE ( 1=1 AND id='16' ) LIMIT 1   [ RunTime:0.0002s ]
SQL: SELECT * FROM `xwzb` WHERE ( 1=1 AND wzid='2402' )  [ RunTime:0.0006s ]
SQL: SELECT `id`,`lbmc` FROM `leibie` WHERE ( 1=1 AND id='7' ) LIMIT 1   [ RunTime:0.0002s ]
SQL: SELECT `id`,`lbmc` FROM `leibie` WHERE ( 1=1 AND id='13' ) LIMIT 1   [ RunTime:0.0002s ]
SQL: SELECT * FROM `xwzb` WHERE ( 1=1 AND wzid='2400' )  [ RunTime:0.0006s ]
SQL: SELECT `id`,`lbmc` FROM `leibie` WHERE ( 1=1 AND id='6' ) LIMIT 1   [ RunTime:0.0002s ]
SQL: SELECT `id`,`lbmc` FROM `leibie` WHERE ( 1=1 AND id='13' ) LIMIT 1   [ RunTime:0.0002s ]
SQL: SELECT * FROM `xwzb` WHERE ( 1=1 AND wzid='2401' )  [ RunTime:0.0006s ]
SQL: SELECT `id`,`lbmc` FROM `leibie` WHERE ( 1=1 AND id='12' ) LIMIT 1   [ RunTime:0.0002s ]
SQL: SELECT `id`,`lbmc` FROM `leibie` WHERE ( 1=1 AND id='16' ) LIMIT 1   [ RunTime:0.0002s ]
SQL: SELECT * FROM `xwzb` WHERE ( 1=1 AND wzid='2403' )  [ RunTime:0.0006s ]
SQL: SELECT `id`,`biaoti`,`wzfm`,`sysj`,`zhuyan`,`diqu`,`cjsj`,`llcs`,`sscs`,`pid`,`djid`,`glid` FROM `xinwen` WHERE ( djid=1 ) ORDER BY llcs desc LIMIT 8   [ RunTime:0.0015s ]
SQL: SELECT `id`,`lbmc` FROM `leibie` WHERE ( 1=1 AND id='12' ) LIMIT 1   [ RunTime:0.0002s ]
SQL: SELECT `id`,`lbmc` FROM `leibie` WHERE ( 1=1 AND id='16' ) LIMIT 1   [ RunTime:0.0002s ]
SQL: SELECT * FROM `xwzb` WHERE ( 1=1 AND wzid='1946' )  [ RunTime:0.0006s ]
SQL: SELECT `id`,`lbmc` FROM `leibie` WHERE ( 1=1 AND id='7' ) LIMIT 1   [ RunTime:0.0002s ]
SQL: SELECT `id`,`lbmc` FROM `leibie` WHERE ( 1=1 AND id='13' ) LIMIT 1   [ RunTime:0.0002s ]
SQL: SELECT * FROM `xwzb` WHERE ( 1=1 AND wzid='2' )  [ RunTime:0.0006s ]
SQL: SELECT `id`,`lbmc` FROM `leibie` WHERE ( 1=1 AND id='12' ) LIMIT 1   [ RunTime:0.0002s ]
SQL: SELECT `id`,`lbmc` FROM `leibie` WHERE ( 1=1 AND id='16' ) LIMIT 1   [ RunTime:0.0002s ]
SQL: SELECT * FROM `xwzb` WHERE ( 1=1 AND wzid='697' )  [ RunTime:0.0006s ]
SQL: SELECT `id`,`lbmc` FROM `leibie` WHERE ( 1=1 AND id='12' ) LIMIT 1   [ RunTime:0.0003s ]
SQL: SELECT `id`,`lbmc` FROM `leibie` WHERE ( 1=1 AND id='16' ) LIMIT 1   [ RunTime:0.0002s ]
SQL: SELECT * FROM `xwzb` WHERE ( 1=1 AND wzid='2263' )  [ RunTime:0.0010s ]
SQL: SELECT `id`,`lbmc` FROM `leibie` WHERE ( 1=1 AND id='5' ) LIMIT 1   [ RunTime:0.0003s ]
SQL: SELECT `id`,`lbmc` FROM `leibie` WHERE ( 1=1 AND id='13' ) LIMIT 1   [ RunTime:0.0002s ]
SQL: SELECT * FROM `xwzb` WHERE ( 1=1 AND wzid='1' )  [ RunTime:0.0006s ]
SQL: SELECT `id`,`lbmc` FROM `leibie` WHERE ( 1=1 AND id='7' ) LIMIT 1   [ RunTime:0.0002s ]
SQL: SELECT `id`,`lbmc` FROM `leibie` WHERE ( 1=1 AND id='16' ) LIMIT 1   [ RunTime:0.0002s ]
SQL: SELECT * FROM `xwzb` WHERE ( 1=1 AND wzid='69' )  [ RunTime:0.0007s ]
SQL: SELECT `id`,`lbmc` FROM `leibie` WHERE ( 1=1 AND id='10' ) LIMIT 1   [ RunTime:0.0003s ]
SQL: SELECT `id`,`lbmc` FROM `leibie` WHERE ( 1=1 AND id='16' ) LIMIT 1   [ RunTime:0.0002s ]
SQL: SELECT * FROM `xwzb` WHERE ( 1=1 AND wzid='43' )  [ RunTime:0.0006s ]
SQL: SELECT `id`,`lbmc` FROM `leibie` WHERE ( 1=1 AND id='10' ) LIMIT 1   [ RunTime:0.0001s ]
SQL: SELECT `id`,`lbmc` FROM `leibie` WHERE ( 1=1 AND id='16' ) LIMIT 1   [ RunTime:0.0001s ]
SQL: SELECT * FROM `xwzb` WHERE ( 1=1 AND wzid='669' )  [ RunTime:0.0006s ]
SQL: SELECT `id`,`biaoti`,`wzfm`,`sysj`,`zhuyan`,`diqu`,`cjsj`,`llcs`,`sscs`,`pid`,`djid`,`glid` FROM `xinwen` WHERE ( djid=2 ) ORDER BY llcs desc LIMIT 8   [ RunTime:0.0012s ]
SQL: SELECT `id`,`lbmc` FROM `leibie` WHERE ( 1=1 AND id='7' ) LIMIT 1   [ RunTime:0.0002s ]
SQL: SELECT `id`,`lbmc` FROM `leibie` WHERE ( 1=1 AND id='13' ) LIMIT 1   [ RunTime:0.0002s ]
SQL: SELECT * FROM `xwzb` WHERE ( 1=1 AND wzid='18' )  [ RunTime:0.0006s ]
SQL: SELECT `id`,`lbmc` FROM `leibie` WHERE ( 1=1 AND id='7' ) LIMIT 1   [ RunTime:0.0001s ]
SQL: SELECT `id`,`lbmc` FROM `leibie` WHERE ( 1=1 AND id='13' ) LIMIT 1   [ RunTime:0.0001s ]
SQL: SELECT * FROM `xwzb` WHERE ( 1=1 AND wzid='1642' )  [ RunTime:0.0006s ]
SQL: SELECT `id`,`lbmc` FROM `leibie` WHERE ( 1=1 AND id='10' ) LIMIT 1   [ RunTime:0.0001s ]
SQL: SELECT `id`,`lbmc` FROM `leibie` WHERE ( 1=1 AND id='13' ) LIMIT 1   [ RunTime:0.0001s ]
SQL: SELECT * FROM `xwzb` WHERE ( 1=1 AND wzid='24' )  [ RunTime:0.0006s ]
SQL: SELECT `id`,`lbmc` FROM `leibie` WHERE ( 1=1 AND id='10' ) LIMIT 1   [ RunTime:0.0001s ]
SQL: SELECT `id`,`lbmc` FROM `leibie` WHERE ( 1=1 AND id='15' ) LIMIT 1   [ RunTime:0.0001s ]
SQL: SELECT * FROM `xwzb` WHERE ( 1=1 AND wzid='70' )  [ RunTime:0.0007s ]
SQL: SELECT `id`,`lbmc` FROM `leibie` WHERE ( 1=1 AND id='6' ) LIMIT 1   [ RunTime:0.0002s ]
SQL: SELECT `id`,`lbmc` FROM `leibie` WHERE ( 1=1 AND id='13' ) LIMIT 1   [ RunTime:0.0002s ]
SQL: SELECT * FROM `xwzb` WHERE ( 1=1 AND wzid='2077' )  [ RunTime:0.0008s ]
SQL: SELECT `id`,`lbmc` FROM `leibie` WHERE ( 1=1 AND id='10' ) LIMIT 1   [ RunTime:0.0002s ]
SQL: SELECT `id`,`lbmc` FROM `leibie` WHERE ( 1=1 AND id='13' ) LIMIT 1   [ RunTime:0.0001s ]
SQL: SELECT * FROM `xwzb` WHERE ( 1=1 AND wzid='5' )  [ RunTime:0.0006s ]
SQL: SELECT `id`,`lbmc` FROM `leibie` WHERE ( 1=1 AND id='10' ) LIMIT 1   [ RunTime:0.0002s ]
SQL: SELECT `id`,`lbmc` FROM `leibie` WHERE ( 1=1 AND id='13' ) LIMIT 1   [ RunTime:0.0002s ]
SQL: SELECT * FROM `xwzb` WHERE ( 1=1 AND wzid='7' )  [ RunTime:0.0009s ]
SQL: SELECT `id`,`lbmc` FROM `leibie` WHERE ( 1=1 AND id='10' ) LIMIT 1   [ RunTime:0.0003s ]
SQL: SELECT `id`,`lbmc` FROM `leibie` WHERE ( 1=1 AND id='13' ) LIMIT 1   [ RunTime:0.0002s ]
SQL: SELECT * FROM `xwzb` WHERE ( 1=1 AND wzid='21' )  [ RunTime:0.0006s ]
SQL: SELECT `id`,`biaoti`,`wzfm`,`sysj`,`zhuyan`,`diqu`,`cjsj`,`llcs`,`sscs`,`pid`,`djid`,`glid` FROM `xinwen` WHERE ( djid=4 ) ORDER BY llcs desc LIMIT 8   [ RunTime:0.0013s ]
SQL: SELECT `id`,`lbmc` FROM `leibie` WHERE ( 1=1 AND id='10' ) LIMIT 1   [ RunTime:0.0002s ]
SQL: SELECT `id`,`lbmc` FROM `leibie` WHERE ( 1=1 AND id='13' ) LIMIT 1   [ RunTime:0.0001s ]
SQL: SELECT * FROM `xwzb` WHERE ( 1=1 AND wzid='13' )  [ RunTime:0.0006s ]
SQL: SELECT `id`,`lbmc` FROM `leibie` WHERE ( 1=1 AND id='10' ) LIMIT 1   [ RunTime:0.0002s ]
SQL: SELECT `id`,`lbmc` FROM `leibie` WHERE ( 1=1 AND id='14' ) LIMIT 1   [ RunTime:0.0002s ]
SQL: SELECT * FROM `xwzb` WHERE ( 1=1 AND wzid='108' )  [ RunTime:0.0006s ]
SQL: SELECT `id`,`lbmc` FROM `leibie` WHERE ( 1=1 AND id='6' ) LIMIT 1   [ RunTime:0.0002s ]
SQL: SELECT `id`,`lbmc` FROM `leibie` WHERE ( 1=1 AND id='13' ) LIMIT 1   [ RunTime:0.0002s ]
SQL: SELECT * FROM `xwzb` WHERE ( 1=1 AND wzid='782' )  [ RunTime:0.0006s ]
SQL: SELECT `id`,`lbmc` FROM `leibie` WHERE ( 1=1 AND id='10' ) LIMIT 1   [ RunTime:0.0002s ]
SQL: SELECT `id`,`lbmc` FROM `leibie` WHERE ( 1=1 AND id='13' ) LIMIT 1   [ RunTime:0.0001s ]
SQL: SELECT * FROM `xwzb` WHERE ( 1=1 AND wzid='34' )  [ RunTime:0.0006s ]
SQL: SELECT `id`,`lbmc` FROM `leibie` WHERE ( 1=1 AND id='6' ) LIMIT 1   [ RunTime:0.0001s ]
SQL: SELECT `id`,`lbmc` FROM `leibie` WHERE ( 1=1 AND id='13' ) LIMIT 1   [ RunTime:0.0001s ]
SQL: SELECT * FROM `xwzb` WHERE ( 1=1 AND wzid='1475' )  [ RunTime:0.0006s ]
SQL: SELECT `id`,`lbmc` FROM `leibie` WHERE ( 1=1 AND id='6' ) LIMIT 1   [ RunTime:0.0001s ]
SQL: SELECT `id`,`lbmc` FROM `leibie` WHERE ( 1=1 AND id='13' ) LIMIT 1   [ RunTime:0.0001s ]
SQL: SELECT * FROM `xwzb` WHERE ( 1=1 AND wzid='27' )  [ RunTime:0.0006s ]
SQL: SELECT `id`,`biaoti`,`wzfm`,`sysj`,`zhuyan`,`diqu`,`cjsj`,`llcs`,`sscs`,`pid`,`djid`,`glid` FROM `xinwen` WHERE ( djid=3 ) ORDER BY llcs desc LIMIT 8   [ RunTime:0.0013s ]
SQL: SELECT `id`,`lbmc` FROM `leibie` WHERE ( 1=1 AND id='10' ) LIMIT 1   [ RunTime:0.0002s ]
SQL: SELECT `id`,`lbmc` FROM `leibie` WHERE ( 1=1 AND id='13' ) LIMIT 1   [ RunTime:0.0001s ]
SQL: SELECT * FROM `xwzb` WHERE ( 1=1 AND wzid='2404' )  [ RunTime:0.0006s ]
SQL: SELECT `id`,`lbmc` FROM `leibie` WHERE ( 1=1 AND id='5' ) LIMIT 1   [ RunTime:0.0001s ]
SQL: SELECT `id`,`lbmc` FROM `leibie` WHERE ( 1=1 AND id='16' ) LIMIT 1   [ RunTime:0.0001s ]
SQL: SELECT * FROM `xwzb` WHERE ( 1=1 AND wzid='17' )  [ RunTime:0.0006s ]
SQL: SELECT `id`,`lbmc` FROM `leibie` WHERE ( 1=1 AND id='12' ) LIMIT 1   [ RunTime:0.0002s ]
SQL: SELECT `id`,`lbmc` FROM `leibie` WHERE ( 1=1 AND id='16' ) LIMIT 1   [ RunTime:0.0002s ]
SQL: SELECT * FROM `xwzb` WHERE ( 1=1 AND wzid='1893' )  [ RunTime:0.0007s ]
SQL: SELECT `id`,`lbmc` FROM `leibie` WHERE ( 1=1 AND id='6' ) LIMIT 1   [ RunTime:0.0002s ]
SQL: SELECT `id`,`lbmc` FROM `leibie` WHERE ( 1=1 AND id='15' ) LIMIT 1   [ RunTime:0.0002s ]
SQL: SELECT * FROM `xwzb` WHERE ( 1=1 AND wzid='1894' )  [ RunTime:0.0008s ]
SQL: SELECT `id`,`lbmc` FROM `leibie` WHERE ( 1=1 AND id='8' ) LIMIT 1   [ RunTime:0.0003s ]
SQL: SELECT `id`,`lbmc` FROM `leibie` WHERE ( 1=1 AND id='15' ) LIMIT 1   [ RunTime:0.0002s ]
SQL: SELECT * FROM `xwzb` WHERE ( 1=1 AND wzid='25' )  [ RunTime:0.0008s ]
SQL: SELECT `id`,`lbmc` FROM `leibie` WHERE ( 1=1 AND id='6' ) LIMIT 1   [ RunTime:0.0002s ]
SQL: SELECT `id`,`lbmc` FROM `leibie` WHERE ( 1=1 AND id='15' ) LIMIT 1   [ RunTime:0.0002s ]
SQL: SELECT * FROM `xwzb` WHERE ( 1=1 AND wzid='192' )  [ RunTime:0.0006s ]
SQL: SELECT `id`,`lbmc` FROM `leibie` WHERE ( 1=1 AND id='10' ) LIMIT 1   [ RunTime:0.0001s ]
SQL: SELECT `id`,`lbmc` FROM `leibie` WHERE ( 1=1 AND id='15' ) LIMIT 1   [ RunTime:0.0001s ]
SQL: SELECT * FROM `xwzb` WHERE ( 1=1 AND wzid='22' )  [ RunTime:0.0006s ]
SQL: SELECT `id`,`lbmc` FROM `leibie` WHERE ( 1=1 AND id='10' ) LIMIT 1   [ RunTime:0.0001s ]
SQL: SELECT `id`,`lbmc` FROM `leibie` WHERE ( 1=1 AND id='16' ) LIMIT 1   [ RunTime:0.0001s ]
SQL: SELECT * FROM `xwzb` WHERE ( 1=1 AND wzid='16' )  [ RunTime:0.0006s ]
INFO: [ view_parse ] --START--
INFO: [ template_filter ] --START--
INFO: Run Behavior\ContentReplaceBehavior [ RunTime:0.000087s ]
INFO: [ template_filter ] --END-- [ RunTime:0.000121s ]
NOTIC: [8] Undefined variable: shuju D:\wamp\Apache24\www\dianyingfbb\Application\qiantai\Runtime\Cache\Home\6896ad07b9c35c6b0f0378f7fdaa90c7.php 第 10 行.
NOTIC: [8] Undefined variable: dqlb D:\wamp\Apache24\www\dianyingfbb\Application\qiantai\Runtime\Cache\Home\6896ad07b9c35c6b0f0378f7fdaa90c7.php 第 14 行.
INFO: Run Behavior\ParseTemplateBehavior [ RunTime:0.018146s ]
INFO: [ view_parse ] --END-- [ RunTime:0.018208s ]
INFO: [ view_filter ] --START--
INFO: Run Behavior\WriteHtmlCacheBehavior [ RunTime:0.000459s ]
INFO: [ view_filter ] --END-- [ RunTime:0.000485s ]
INFO: [ app_end ] --START--
INFO: Run Behavior\ShowPageTraceBehavior [ RunTime:0.000552s ]
INFO: [ app_end ] --END-- [ RunTime:0.000588s ]

[ 2017-10-19T10:19:49+08:00 ] 127.0.0.1 /dianyingfbb/
INFO: [ app_init ] --START--
INFO: Run Behavior\BuildLiteBehavior [ RunTime:0.000010s ]
INFO: [ app_init ] --END-- [ RunTime:0.000506s ]
INFO: [ app_begin ] --START--
INFO: Run Behavior\ReadHtmlCacheBehavior [ RunTime:0.000499s ]
INFO: [ app_begin ] --END-- [ RunTime:0.000536s ]
SQL: SHOW COLUMNS FROM `zdsz` [ RunTime:0.0008s ]
SQL: SELECT * FROM `zdsz`  [ RunTime:0.0002s ]
SQL: SHOW COLUMNS FROM `leibie` [ RunTime:0.0004s ]
SQL: SELECT * FROM `leibie` ORDER BY paixu LIMIT 18   [ RunTime:0.0002s ]
SQL: SHOW COLUMNS FROM `yqlj` [ RunTime:0.0006s ]
SQL: SELECT * FROM `yqlj` WHERE ( fuli=0 )  [ RunTime:0.0002s ]
SQL: SHOW COLUMNS FROM `xinwen` [ RunTime:0.0004s ]
SQL: SHOW COLUMNS FROM `xinwen` [ RunTime:0.0009s ]
SQL: SELECT `id`,`biaoti`,`cjsj` FROM `xinwen` WHERE ( sscs>0 ) ORDER BY id desc LIMIT 11   [ RunTime:0.0007s ]
SQL: SELECT `id`,`biaoti`,`cjsj` FROM `xinwen` ORDER BY llcs desc LIMIT 11   [ RunTime:0.0017s ]
SQL: SELECT `id`,`biaoti`,`cjsj` FROM `xinwen` ORDER BY cjsj desc LIMIT 11   [ RunTime:0.0014s ]
SQL: SELECT `id`,`biaoti`,`wzfm`,`sysj`,`zhuyan`,`diqu`,`cjsj`,`llcs`,`sscs`,`pid`,`djid`,`glid` FROM `xinwen` WHERE ( djid!=17 ) ORDER BY cjsj desc LIMIT 12   [ RunTime:0.0014s ]
SQL: SHOW COLUMNS FROM `leibie` [ RunTime:0.0005s ]
SQL: SELECT `id`,`lbmc` FROM `leibie` WHERE ( 1=1 AND id='10' ) LIMIT 1   [ RunTime:0.0002s ]
SQL: SELECT `id`,`lbmc` FROM `leibie` WHERE ( 1=1 AND id='13' ) LIMIT 1   [ RunTime:0.0002s ]
SQL: SHOW COLUMNS FROM `xwzb` [ RunTime:0.0007s ]
SQL: SELECT * FROM `xwzb` WHERE ( 1=1 AND wzid='2404' )  [ RunTime:0.0006s ]
SQL: SELECT `id`,`lbmc` FROM `leibie` WHERE ( 1=1 AND id='12' ) LIMIT 1   [ RunTime:0.0002s ]
SQL: SELECT `id`,`lbmc` FROM `leibie` WHERE ( 1=1 AND id='16' ) LIMIT 1   [ RunTime:0.0002s ]
SQL: SELECT * FROM `xwzb` WHERE ( 1=1 AND wzid='2403' )  [ RunTime:0.0006s ]
SQL: SELECT `id`,`lbmc` FROM `leibie` WHERE ( 1=1 AND id='12' ) LIMIT 1   [ RunTime:0.0002s ]
SQL: SELECT `id`,`lbmc` FROM `leibie` WHERE ( 1=1 AND id='16' ) LIMIT 1   [ RunTime:0.0002s ]
SQL: SELECT * FROM `xwzb` WHERE ( 1=1 AND wzid='2402' )  [ RunTime:0.0006s ]
SQL: SELECT `id`,`lbmc` FROM `leibie` WHERE ( 1=1 AND id='6' ) LIMIT 1   [ RunTime:0.0002s ]
SQL: SELECT `id`,`lbmc` FROM `leibie` WHERE ( 1=1 AND id='13' ) LIMIT 1   [ RunTime:0.0002s ]
SQL: SELECT * FROM `xwzb` WHERE ( 1=1 AND wzid='2401' )  [ RunTime:0.0008s ]
SQL: SELECT `id`,`lbmc` FROM `leibie` WHERE ( 1=1 AND id='7' ) LIMIT 1   [ RunTime:0.0003s ]
SQL: SELECT `id`,`lbmc` FROM `leibie` WHERE ( 1=1 AND id='13' ) LIMIT 1   [ RunTime:0.0002s ]
SQL: SELECT * FROM `xwzb` WHERE ( 1=1 AND wzid='2400' )  [ RunTime:0.0012s ]
SQL: SELECT `id`,`lbmc` FROM `leibie` WHERE ( 1=1 AND id='12' ) LIMIT 1   [ RunTime:0.0004s ]
SQL: SELECT `id`,`lbmc` FROM `leibie` WHERE ( 1=1 AND id='16' ) LIMIT 1   [ RunTime:0.0003s ]
SQL: SELECT * FROM `xwzb` WHERE ( 1=1 AND wzid='2397' )  [ RunTime:0.0007s ]
SQL: SELECT `id`,`lbmc` FROM `leibie` WHERE ( 1=1 AND id='12' ) LIMIT 1   [ RunTime:0.0002s ]
SQL: SELECT `id`,`lbmc` FROM `leibie` WHERE ( 1=1 AND id='16' ) LIMIT 1   [ RunTime:0.0002s ]
SQL: SELECT * FROM `xwzb` WHERE ( 1=1 AND wzid='2396' )  [ RunTime:0.0007s ]
SQL: SELECT `id`,`lbmc` FROM `leibie` WHERE ( 1=1 AND id='1' ) LIMIT 1   [ RunTime:0.0003s ]
SQL: SELECT `id`,`lbmc` FROM `leibie` WHERE ( 1=1 AND id='16' ) LIMIT 1   [ RunTime:0.0003s ]
SQL: SELECT * FROM `xwzb` WHERE ( 1=1 AND wzid='2394' )  [ RunTime:0.0006s ]
SQL: SELECT `id`,`lbmc` FROM `leibie` WHERE ( 1=1 AND id='1' ) LIMIT 1   [ RunTime:0.0002s ]
SQL: SELECT `id`,`lbmc` FROM `leibie` WHERE ( 1=1 AND id='15' ) LIMIT 1   [ RunTime:0.0002s ]
SQL: SELECT * FROM `xwzb` WHERE ( 1=1 AND wzid='2395' )  [ RunTime:0.0006s ]
SQL: SELECT `id`,`lbmc` FROM `leibie` WHERE ( 1=1 AND id='12' ) LIMIT 1   [ RunTime:0.0002s ]
SQL: SELECT `id`,`lbmc` FROM `leibie` WHERE ( 1=1 AND id='16' ) LIMIT 1   [ RunTime:0.0002s ]
SQL: SELECT * FROM `xwzb` WHERE ( 1=1 AND wzid='2393' )  [ RunTime:0.0006s ]
SQL: SELECT `id`,`lbmc` FROM `leibie` WHERE ( 1=1 AND id='12' ) LIMIT 1   [ RunTime:0.0002s ]
SQL: SELECT `id`,`lbmc` FROM `leibie` WHERE ( 1=1 AND id='16' ) LIMIT 1   [ RunTime:0.0002s ]
SQL: SELECT * FROM `xwzb` WHERE ( 1=1 AND wzid='2390' )  [ RunTime:0.0006s ]
SQL: SELECT `id`,`lbmc` FROM `leibie` WHERE ( 1=1 AND id='12' ) LIMIT 1   [ RunTime:0.0002s ]
SQL: SELECT `id`,`lbmc` FROM `leibie` WHERE ( 1=1 AND id='15' ) LIMIT 1   [ RunTime:0.0002s ]
SQL: SELECT * FROM `xwzb` WHERE ( 1=1 AND wzid='2391' )  [ RunTime:0.0006s ]
SQL: SELECT `id`,`biaoti`,`wzfm`,`sysj`,`zhuyan`,`diqu`,`cjsj`,`llcs`,`sscs`,`pid`,`djid`,`glid` FROM `xinwen` WHERE ( pid=12 and djid!=17 ) ORDER BY id desc LIMIT 12   [ RunTime:0.0003s ]
SQL: SELECT `id`,`lbmc` FROM `leibie` WHERE ( 1=1 AND id='12' ) LIMIT 1   [ RunTime:0.0002s ]
SQL: SELECT `id`,`lbmc` FROM `leibie` WHERE ( 1=1 AND id='16' ) LIMIT 1   [ RunTime:0.0002s ]
SQL: SELECT * FROM `xwzb` WHERE ( 1=1 AND wzid='2403' )  [ RunTime:0.0006s ]
SQL: SELECT `id`,`lbmc` FROM `leibie` WHERE ( 1=1 AND id='12' ) LIMIT 1   [ RunTime:0.0002s ]
SQL: SELECT `id`,`lbmc` FROM `leibie` WHERE ( 1=1 AND id='16' ) LIMIT 1   [ RunTime:0.0003s ]
SQL: SELECT * FROM `xwzb` WHERE ( 1=1 AND wzid='2402' )  [ RunTime:0.0006s ]
SQL: SELECT `id`,`lbmc` FROM `leibie` WHERE ( 1=1 AND id='12' ) LIMIT 1   [ RunTime:0.0002s ]
SQL: SELECT `id`,`lbmc` FROM `leibie` WHERE ( 1=1 AND id='16' ) LIMIT 1   [ RunTime:0.0002s ]
SQL: SELECT * FROM `xwzb` WHERE ( 1=1 AND wzid='2397' )  [ RunTime:0.0006s ]
SQL: SELECT `id`,`lbmc` FROM `leibie` WHERE ( 1=1 AND id='12' ) LIMIT 1   [ RunTime:0.0002s ]
SQL: SELECT `id`,`lbmc` FROM `leibie` WHERE ( 1=1 AND id='16' ) LIMIT 1   [ RunTime:0.0002s ]
SQL: SELECT * FROM `xwzb` WHERE ( 1=1 AND wzid='2396' )  [ RunTime:0.0009s ]
SQL: SELECT `id`,`lbmc` FROM `leibie` WHERE ( 1=1 AND id='12' ) LIMIT 1   [ RunTime:0.0005s ]
SQL: SELECT `id`,`lbmc` FROM `leibie` WHERE ( 1=1 AND id='16' ) LIMIT 1   [ RunTime:0.0004s ]
SQL: SELECT * FROM `xwzb` WHERE ( 1=1 AND wzid='2393' )  [ RunTime:0.0008s ]
SQL: SELECT `id`,`lbmc` FROM `leibie` WHERE ( 1=1 AND id='12' ) LIMIT 1   [ RunTime:0.0003s ]
SQL: SELECT `id`,`lbmc` FROM `leibie` WHERE ( 1=1 AND id='15' ) LIMIT 1   [ RunTime:0.0002s ]
SQL: SELECT * FROM `xwzb` WHERE ( 1=1 AND wzid='2392' )  [ RunTime:0.0009s ]
SQL: SELECT `id`,`lbmc` FROM `leibie` WHERE ( 1=1 AND id='12' ) LIMIT 1   [ RunTime:0.0003s ]
SQL: SELECT `id`,`lbmc` FROM `leibie` WHERE ( 1=1 AND id='15' ) LIMIT 1   [ RunTime:0.0002s ]
SQL: SELECT * FROM `xwzb` WHERE ( 1=1 AND wzid='2391' )  [ RunTime:0.0007s ]
SQL: SELECT `id`,`lbmc` FROM `leibie` WHERE ( 1=1 AND id='12' ) LIMIT 1   [ RunTime:0.0002s ]
SQL: SELECT `id`,`lbmc` FROM `leibie` WHERE ( 1=1 AND id='16' ) LIMIT 1   [ RunTime:0.0002s ]
SQL: SELECT * FROM `xwzb` WHERE ( 1=1 AND wzid='2390' )  [ RunTime:0.0006s ]
SQL: SELECT `id`,`lbmc` FROM `leibie` WHERE ( 1=1 AND id='12' ) LIMIT 1   [ RunTime:0.0002s ]
SQL: SELECT `id`,`lbmc` FROM `leibie` WHERE ( 1=1 AND id='15' ) LIMIT 1   [ RunTime:0.0002s ]
SQL: SELECT * FROM `xwzb` WHERE ( 1=1 AND wzid='2358' )  [ RunTime:0.0006s ]
SQL: SELECT `id`,`lbmc` FROM `leibie` WHERE ( 1=1 AND id='12' ) LIMIT 1   [ RunTime:0.0002s ]
SQL: SELECT `id`,`lbmc` FROM `leibie` WHERE ( 1=1 AND id='16' ) LIMIT 1   [ RunTime:0.0002s ]
SQL: SELECT * FROM `xwzb` WHERE ( 1=1 AND wzid='2357' )  [ RunTime:0.0007s ]
SQL: SELECT `id`,`lbmc` FROM `leibie` WHERE ( 1=1 AND id='12' ) LIMIT 1   [ RunTime:0.0002s ]
SQL: SELECT `id`,`lbmc` FROM `leibie` WHERE ( 1=1 AND id='15' ) LIMIT 1   [ RunTime:0.0002s ]
SQL: SELECT * FROM `xwzb` WHERE ( 1=1 AND wzid='2352' )  [ RunTime:0.0007s ]
SQL: SELECT `id`,`lbmc` FROM `leibie` WHERE ( 1=1 AND id='12' ) LIMIT 1   [ RunTime:0.0002s ]
SQL: SELECT `id`,`lbmc` FROM `leibie` WHERE ( 1=1 AND id='15' ) LIMIT 1   [ RunTime:0.0002s ]
SQL: SELECT * FROM `xwzb` WHERE ( 1=1 AND wzid='2351' )  [ RunTime:0.0006s ]
SQL: SELECT `id`,`biaoti`,`wzfm`,`sysj`,`zhuyan`,`diqu`,`cjsj`,`llcs`,`sscs`,`pid`,`djid`,`glid` FROM `xinwen` WHERE `cjsj` >= 1507774788 AND `djid` <> '17' ORDER BY llcs desc LIMIT 12   [ RunTime:0.0014s ]
SQL: SELECT `id`,`biaoti`,`wzfm`,`sysj`,`zhuyan`,`diqu`,`cjsj`,`llcs`,`sscs`,`pid`,`djid`,`glid` FROM `xinwen` WHERE `cjsj` >= 1505787588 AND `djid` <> '17' ORDER BY llcs desc LIMIT 12   [ RunTime:0.0014s ]
SQL: SELECT `id`,`lbmc` FROM `leibie` WHERE ( 1=1 AND id='10' ) LIMIT 1   [ RunTime:0.0002s ]
SQL: SELECT `id`,`lbmc` FROM `leibie` WHERE ( 1=1 AND id='13' ) LIMIT 1   [ RunTime:0.0002s ]
SQL: SELECT * FROM `xwzb` WHERE ( 1=1 AND wzid='2404' )  [ RunTime:0.0013s ]
SQL: SELECT `id`,`lbmc` FROM `leibie` WHERE ( 1=1 AND id='12' ) LIMIT 1   [ RunTime:0.0004s ]
SQL: SELECT `id`,`lbmc` FROM `leibie` WHERE ( 1=1 AND id='16' ) LIMIT 1   [ RunTime:0.0002s ]
SQL: SELECT * FROM `xwzb` WHERE ( 1=1 AND wzid='2402' )  [ RunTime:0.0007s ]
SQL: SELECT `id`,`lbmc` FROM `leibie` WHERE ( 1=1 AND id='7' ) LIMIT 1   [ RunTime:0.0002s ]
SQL: SELECT `id`,`lbmc` FROM `leibie` WHERE ( 1=1 AND id='13' ) LIMIT 1   [ RunTime:0.0002s ]
SQL: SELECT * FROM `xwzb` WHERE ( 1=1 AND wzid='2400' )  [ RunTime:0.0010s ]
SQL: SELECT `id`,`lbmc` FROM `leibie` WHERE ( 1=1 AND id='6' ) LIMIT 1   [ RunTime:0.0003s ]
SQL: SELECT `id`,`lbmc` FROM `leibie` WHERE ( 1=1 AND id='13' ) LIMIT 1   [ RunTime:0.0002s ]
SQL: SELECT * FROM `xwzb` WHERE ( 1=1 AND wzid='2401' )  [ RunTime:0.0007s ]
SQL: SELECT `id`,`lbmc` FROM `leibie` WHERE ( 1=1 AND id='12' ) LIMIT 1   [ RunTime:0.0002s ]
SQL: SELECT `id`,`lbmc` FROM `leibie` WHERE ( 1=1 AND id='16' ) LIMIT 1   [ RunTime:0.0002s ]
SQL: SELECT * FROM `xwzb` WHERE ( 1=1 AND wzid='2403' )  [ RunTime:0.0006s ]
SQL: SELECT `id`,`biaoti`,`wzfm`,`sysj`,`zhuyan`,`diqu`,`cjsj`,`llcs`,`sscs`,`pid`,`djid`,`glid` FROM `xinwen` WHERE ( djid=1 ) ORDER BY llcs desc LIMIT 8   [ RunTime:0.0015s ]
SQL: SELECT `id`,`lbmc` FROM `leibie` WHERE ( 1=1 AND id='12' ) LIMIT 1   [ RunTime:0.0002s ]
SQL: SELECT `id`,`lbmc` FROM `leibie` WHERE ( 1=1 AND id='16' ) LIMIT 1   [ RunTime:0.0002s ]
SQL: SELECT * FROM `xwzb` WHERE ( 1=1 AND wzid='1946' )  [ RunTime:0.0007s ]
SQL: SELECT `id`,`lbmc` FROM `leibie` WHERE ( 1=1 AND id='7' ) LIMIT 1   [ RunTime:0.0002s ]
SQL: SELECT `id`,`lbmc` FROM `leibie` WHERE ( 1=1 AND id='13' ) LIMIT 1   [ RunTime:0.0002s ]
SQL: SELECT * FROM `xwzb` WHERE ( 1=1 AND wzid='2' )  [ RunTime:0.0008s ]
SQL: SELECT `id`,`lbmc` FROM `leibie` WHERE ( 1=1 AND id='12' ) LIMIT 1   [ RunTime:0.0002s ]
SQL: SELECT `id`,`lbmc` FROM `leibie` WHERE ( 1=1 AND id='16' ) LIMIT 1   [ RunTime:0.0002s ]
SQL: SELECT * FROM `xwzb` WHERE ( 1=1 AND wzid='697' )  [ RunTime:0.0007s ]
SQL: SELECT `id`,`lbmc` FROM `leibie` WHERE ( 1=1 AND id='12' ) LIMIT 1   [ RunTime:0.0002s ]
SQL: SELECT `id`,`lbmc` FROM `leibie` WHERE ( 1=1 AND id='16' ) LIMIT 1   [ RunTime:0.0001s ]
SQL: SELECT * FROM `xwzb` WHERE ( 1=1 AND wzid='2263' )  [ RunTime:0.0007s ]
SQL: SELECT `id`,`lbmc` FROM `leibie` WHERE ( 1=1 AND id='5' ) LIMIT 1   [ RunTime:0.0001s ]
SQL: SELECT `id`,`lbmc` FROM `leibie` WHERE ( 1=1 AND id='13' ) LIMIT 1   [ RunTime:0.0002s ]
SQL: SELECT * FROM `xwzb` WHERE ( 1=1 AND wzid='1' )  [ RunTime:0.0007s ]
SQL: SELECT `id`,`lbmc` FROM `leibie` WHERE ( 1=1 AND id='7' ) LIMIT 1   [ RunTime:0.0005s ]
SQL: SELECT `id`,`lbmc` FROM `leibie` WHERE ( 1=1 AND id='16' ) LIMIT 1   [ RunTime:0.0003s ]
SQL: SELECT * FROM `xwzb` WHERE ( 1=1 AND wzid='69' )  [ RunTime:0.0009s ]
SQL: SELECT `id`,`lbmc` FROM `leibie` WHERE ( 1=1 AND id='10' ) LIMIT 1   [ RunTime:0.0003s ]
SQL: SELECT `id`,`lbmc` FROM `leibie` WHERE ( 1=1 AND id='16' ) LIMIT 1   [ RunTime:0.0002s ]
SQL: SELECT * FROM `xwzb` WHERE ( 1=1 AND wzid='43' )  [ RunTime:0.0008s ]
SQL: SELECT `id`,`lbmc` FROM `leibie` WHERE ( 1=1 AND id='10' ) LIMIT 1   [ RunTime:0.0003s ]
SQL: SELECT `id`,`lbmc` FROM `leibie` WHERE ( 1=1 AND id='16' ) LIMIT 1   [ RunTime:0.0003s ]
SQL: SELECT * FROM `xwzb` WHERE ( 1=1 AND wzid='669' )  [ RunTime:0.0007s ]
SQL: SELECT `id`,`biaoti`,`wzfm`,`sysj`,`zhuyan`,`diqu`,`cjsj`,`llcs`,`sscs`,`pid`,`djid`,`glid` FROM `xinwen` WHERE ( djid=2 ) ORDER BY llcs desc LIMIT 8   [ RunTime:0.0023s ]
SQL: SELECT `id`,`lbmc` FROM `leibie` WHERE ( 1=1 AND id='7' ) LIMIT 1   [ RunTime:0.0003s ]
SQL: SELECT `id`,`lbmc` FROM `leibie` WHERE ( 1=1 AND id='13' ) LIMIT 1   [ RunTime:0.0002s ]
SQL: SELECT * FROM `xwzb` WHERE ( 1=1 AND wzid='18' )  [ RunTime:0.0007s ]
SQL: SELECT `id`,`lbmc` FROM `leibie` WHERE ( 1=1 AND id='7' ) LIMIT 1   [ RunTime:0.0002s ]
SQL: SELECT `id`,`lbmc` FROM `leibie` WHERE ( 1=1 AND id='13' ) LIMIT 1   [ RunTime:0.0002s ]
SQL: SELECT * FROM `xwzb` WHERE ( 1=1 AND wzid='1642' )  [ RunTime:0.0008s ]
SQL: SELECT `id`,`lbmc` FROM `leibie` WHERE ( 1=1 AND id='10' ) LIMIT 1   [ RunTime:0.0002s ]
SQL: SELECT `id`,`lbmc` FROM `leibie` WHERE ( 1=1 AND id='13' ) LIMIT 1   [ RunTime:0.0002s ]
SQL: SELECT * FROM `xwzb` WHERE ( 1=1 AND wzid='24' )  [ RunTime:0.0007s ]
SQL: SELECT `id`,`lbmc` FROM `leibie` WHERE ( 1=1 AND id='10' ) LIMIT 1   [ RunTime:0.0003s ]
SQL: SELECT `id`,`lbmc` FROM `leibie` WHERE ( 1=1 AND id='15' ) LIMIT 1   [ RunTime:0.0002s ]
SQL: SELECT * FROM `xwzb` WHERE ( 1=1 AND wzid='70' )  [ RunTime:0.0007s ]
SQL: SELECT `id`,`lbmc` FROM `leibie` WHERE ( 1=1 AND id='6' ) LIMIT 1   [ RunTime:0.0002s ]
SQL: SELECT `id`,`lbmc` FROM `leibie` WHERE ( 1=1 AND id='13' ) LIMIT 1   [ RunTime:0.0002s ]
SQL: SELECT * FROM `xwzb` WHERE ( 1=1 AND wzid='2077' )  [ RunTime:0.0007s ]
SQL: SELECT `id`,`lbmc` FROM `leibie` WHERE ( 1=1 AND id='10' ) LIMIT 1   [ RunTime:0.0002s ]
SQL: SELECT `id`,`lbmc` FROM `leibie` WHERE ( 1=1 AND id='13' ) LIMIT 1   [ RunTime:0.0002s ]
SQL: SELECT * FROM `xwzb` WHERE ( 1=1 AND wzid='5' )  [ RunTime:0.0008s ]
SQL: SELECT `id`,`lbmc` FROM `leibie` WHERE ( 1=1 AND id='10' ) LIMIT 1   [ RunTime:0.0004s ]
SQL: SELECT `id`,`lbmc` FROM `leibie` WHERE ( 1=1 AND id='13' ) LIMIT 1   [ RunTime:0.0002s ]
SQL: SELECT * FROM `xwzb` WHERE ( 1=1 AND wzid='7' )  [ RunTime:0.0006s ]
SQL: SELECT `id`,`lbmc` FROM `leibie` WHERE ( 1=1 AND id='10' ) LIMIT 1   [ RunTime:0.0002s ]
SQL: SELECT `id`,`lbmc` FROM `leibie` WHERE ( 1=1 AND id='13' ) LIMIT 1   [ RunTime:0.0002s ]
SQL: SELECT * FROM `xwzb` WHERE ( 1=1 AND wzid='21' )  [ RunTime:0.0006s ]
SQL: SELECT `id`,`biaoti`,`wzfm`,`sysj`,`zhuyan`,`diqu`,`cjsj`,`llcs`,`sscs`,`pid`,`djid`,`glid` FROM `xinwen` WHERE ( djid=4 ) ORDER BY llcs desc LIMIT 8   [ RunTime:0.0013s ]
SQL: SELECT `id`,`lbmc` FROM `leibie` WHERE ( 1=1 AND id='10' ) LIMIT 1   [ RunTime:0.0002s ]
SQL: SELECT `id`,`lbmc` FROM `leibie` WHERE ( 1=1 AND id='13' ) LIMIT 1   [ RunTime:0.0002s ]
SQL: SELECT * FROM `xwzb` WHERE ( 1=1 AND wzid='13' )  [ RunTime:0.0006s ]
SQL: SELECT `id`,`lbmc` FROM `leibie` WHERE ( 1=1 AND id='10' ) LIMIT 1   [ RunTime:0.0002s ]
SQL: SELECT `id`,`lbmc` FROM `leibie` WHERE ( 1=1 AND id='14' ) LIMIT 1   [ RunTime:0.0002s ]
SQL: SELECT * FROM `xwzb` WHERE ( 1=1 AND wzid='108' )  [ RunTime:0.0006s ]
SQL: SELECT `id`,`lbmc` FROM `leibie` WHERE ( 1=1 AND id='6' ) LIMIT 1   [ RunTime:0.0002s ]
SQL: SELECT `id`,`lbmc` FROM `leibie` WHERE ( 1=1 AND id='13' ) LIMIT 1   [ RunTime:0.0002s ]
SQL: SELECT * FROM `xwzb` WHERE ( 1=1 AND wzid='782' )  [ RunTime:0.0006s ]
SQL: SELECT `id`,`lbmc` FROM `leibie` WHERE ( 1=1 AND id='10' ) LIMIT 1   [ RunTime:0.0002s ]
SQL: SELECT `id`,`lbmc` FROM `leibie` WHERE ( 1=1 AND id='13' ) LIMIT 1   [ RunTime:0.0002s ]
SQL: SELECT * FROM `xwzb` WHERE ( 1=1 AND wzid='34' )  [ RunTime:0.0006s ]
SQL: SELECT `id`,`lbmc` FROM `leibie` WHERE ( 1=1 AND id='6' ) LIMIT 1   [ RunTime:0.0002s ]
SQL: SELECT `id`,`lbmc` FROM `leibie` WHERE ( 1=1 AND id='13' ) LIMIT 1   [ RunTime:0.0002s ]
SQL: SELECT * FROM `xwzb` WHERE ( 1=1 AND wzid='1475' )  [ RunTime:0.0006s ]
SQL: SELECT `id`,`lbmc` FROM `leibie` WHERE ( 1=1 AND id='6' ) LIMIT 1   [ RunTime:0.0002s ]
SQL: SELECT `id`,`lbmc` FROM `leibie` WHERE ( 1=1 AND id='13' ) LIMIT 1   [ RunTime:0.0002s ]
SQL: SELECT * FROM `xwzb` WHERE ( 1=1 AND wzid='27' )  [ RunTime:0.0006s ]
SQL: SELECT `id`,`biaoti`,`wzfm`,`sysj`,`zhuyan`,`diqu`,`cjsj`,`llcs`,`sscs`,`pid`,`djid`,`glid` FROM `xinwen` WHERE ( djid=3 ) ORDER BY llcs desc LIMIT 8   [ RunTime:0.0013s ]
SQL: SELECT `id`,`lbmc` FROM `leibie` WHERE ( 1=1 AND id='10' ) LIMIT 1   [ RunTime:0.0002s ]
SQL: SELECT `id`,`lbmc` FROM `leibie` WHERE ( 1=1 AND id='13' ) LIMIT 1   [ RunTime:0.0002s ]
SQL: SELECT * FROM `xwzb` WHERE ( 1=1 AND wzid='2404' )  [ RunTime:0.0006s ]
SQL: SELECT `id`,`lbmc` FROM `leibie` WHERE ( 1=1 AND id='5' ) LIMIT 1   [ RunTime:0.0002s ]
SQL: SELECT `id`,`lbmc` FROM `leibie` WHERE ( 1=1 AND id='16' ) LIMIT 1   [ RunTime:0.0002s ]
SQL: SELECT * FROM `xwzb` WHERE ( 1=1 AND wzid='17' )  [ RunTime:0.0008s ]
SQL: SELECT `id`,`lbmc` FROM `leibie` WHERE ( 1=1 AND id='12' ) LIMIT 1   [ RunTime:0.0002s ]
SQL: SELECT `id`,`lbmc` FROM `leibie` WHERE ( 1=1 AND id='16' ) LIMIT 1   [ RunTime:0.0003s ]
SQL: SELECT * FROM `xwzb` WHERE ( 1=1 AND wzid='1893' )  [ RunTime:0.0009s ]
SQL: SELECT `id`,`lbmc` FROM `leibie` WHERE ( 1=1 AND id='6' ) LIMIT 1   [ RunTime:0.0002s ]
SQL: SELECT `id`,`lbmc` FROM `leibie` WHERE ( 1=1 AND id='15' ) LIMIT 1   [ RunTime:0.0002s ]
SQL: SELECT * FROM `xwzb` WHERE ( 1=1 AND wzid='1894' )  [ RunTime:0.0006s ]
SQL: SELECT `id`,`lbmc` FROM `leibie` WHERE ( 1=1 AND id='8' ) LIMIT 1   [ RunTime:0.0002s ]
SQL: SELECT `id`,`lbmc` FROM `leibie` WHERE ( 1=1 AND id='15' ) LIMIT 1   [ RunTime:0.0002s ]
SQL: SELECT * FROM `xwzb` WHERE ( 1=1 AND wzid='25' )  [ RunTime:0.0006s ]
SQL: SELECT `id`,`lbmc` FROM `leibie` WHERE ( 1=1 AND id='6' ) LIMIT 1   [ RunTime:0.0002s ]
SQL: SELECT `id`,`lbmc` FROM `leibie` WHERE ( 1=1 AND id='15' ) LIMIT 1   [ RunTime:0.0002s ]
SQL: SELECT * FROM `xwzb` WHERE ( 1=1 AND wzid='192' )  [ RunTime:0.0006s ]
SQL: SELECT `id`,`lbmc` FROM `leibie` WHERE ( 1=1 AND id='10' ) LIMIT 1   [ RunTime:0.0002s ]
SQL: SELECT `id`,`lbmc` FROM `leibie` WHERE ( 1=1 AND id='15' ) LIMIT 1   [ RunTime:0.0002s ]
SQL: SELECT * FROM `xwzb` WHERE ( 1=1 AND wzid='22' )  [ RunTime:0.0007s ]
SQL: SELECT `id`,`lbmc` FROM `leibie` WHERE ( 1=1 AND id='10' ) LIMIT 1   [ RunTime:0.0002s ]
SQL: SELECT `id`,`lbmc` FROM `leibie` WHERE ( 1=1 AND id='16' ) LIMIT 1   [ RunTime:0.0002s ]
SQL: SELECT * FROM `xwzb` WHERE ( 1=1 AND wzid='16' )  [ RunTime:0.0006s ]
INFO: [ view_parse ] --START--
INFO: [ template_filter ] --START--
INFO: Run Behavior\ContentReplaceBehavior [ RunTime:0.000082s ]
INFO: [ template_filter ] --END-- [ RunTime:0.000116s ]
NOTIC: [8] Undefined variable: shuju D:\wamp\Apache24\www\dianyingfbb\Application\qiantai\Runtime\Cache\Home\6896ad07b9c35c6b0f0378f7fdaa90c7.php 第 10 行.
NOTIC: [8] Undefined variable: dqlb D:\wamp\Apache24\www\dianyingfbb\Application\qiantai\Runtime\Cache\Home\6896ad07b9c35c6b0f0378f7fdaa90c7.php 第 14 行.
INFO: Run Behavior\ParseTemplateBehavior [ RunTime:0.018526s ]
INFO: [ view_parse ] --END-- [ RunTime:0.018557s ]
INFO: [ view_filter ] --START--
INFO: Run Behavior\WriteHtmlCacheBehavior [ RunTime:0.000377s ]
INFO: [ view_filter ] --END-- [ RunTime:0.000403s ]
INFO: [ app_end ] --START--
INFO: Run Behavior\ShowPageTraceBehavior [ RunTime:0.000552s ]
INFO: [ app_end ] --END-- [ RunTime:0.000584s ]

